2016-01-20 16:50:49,303 [Worker-15] INFO  o.e.m.c.i.l.LifecycleMappingFactory - Using org.eclipse.m2e.jdt.JarLifecycleMapping lifecycle mapping for MavenProject: brand:test:0.0.1-SNAPSHOT @ /Users/pktqa/Desktop/BrandProduction/test/pom.xml.
2016-01-20 16:50:52,391 [Worker-15] INFO  o.e.m.j.i.AbstractJavaProjectConfigurator - Adding source folder /test/src/main/java
2016-01-20 16:50:52,392 [Worker-15] INFO  o.e.m.j.i.AbstractJavaProjectConfigurator - Adding source folder /test/src/test/java
2016-01-20 16:50:52,526 [Worker-15] INFO  o.e.m.c.i.p.ProjectConfigurationManager - Imported and configured 1 project(s) in 9 sec
2016-01-20 16:50:54,133 [Worker-16] INFO  o.e.m.c.i.embedder.EclipseLogger - Using 'UTF-8' encoding to copy filtered resources.
2016-01-20 16:50:54,134 [Worker-16] INFO  o.e.m.c.i.embedder.EclipseLogger - skip non existing resourceDirectory /Users/pktqa/Desktop/BrandProduction/test/src/main/resources
2016-01-20 16:50:54,135 [Worker-16] INFO  o.e.m.c.i.embedder.EclipseLogger - Using 'UTF-8' encoding to copy filtered resources.
2016-01-20 16:50:54,136 [Worker-16] INFO  o.e.m.c.i.embedder.EclipseLogger - skip non existing resourceDirectory /Users/pktqa/Desktop/BrandProduction/test/src/test/resources
2016-01-20 16:51:11,378 [Worker-0] INFO  o.e.m.c.i.embedder.EclipseLogger - Using 'UTF-8' encoding to copy filtered resources.
2016-01-20 16:51:11,387 [Worker-0] INFO  o.e.m.c.i.embedder.EclipseLogger - skip non existing resourceDirectory /Users/pktqa/Desktop/BrandProduction/test/src/main/resources
2016-01-20 16:51:11,389 [Worker-0] INFO  o.e.m.c.i.embedder.EclipseLogger - Using 'UTF-8' encoding to copy filtered resources.
2016-01-20 16:51:11,389 [Worker-0] INFO  o.e.m.c.i.embedder.EclipseLogger - skip non existing resourceDirectory /Users/pktqa/Desktop/BrandProduction/test/src/test/resources
2016-01-20 16:52:23,079 [Worker-8] INFO  o.e.m.c.i.embedder.EclipseLogger - Using 'UTF-8' encoding to copy filtered resources.
2016-01-20 16:52:23,085 [Worker-8] INFO  o.e.m.c.i.embedder.EclipseLogger - skip non existing resourceDirectory /Users/pktqa/Desktop/BrandProduction/test/src/main/resources
2016-01-20 16:52:23,086 [Worker-8] INFO  o.e.m.c.i.embedder.EclipseLogger - Using 'UTF-8' encoding to copy filtered resources.
2016-01-20 16:52:23,086 [Worker-8] INFO  o.e.m.c.i.embedder.EclipseLogger - skip non existing resourceDirectory /Users/pktqa/Desktop/BrandProduction/test/src/test/resources
2016-01-20 16:53:51,694 [Worker-2] INFO  o.e.m.c.i.embedder.EclipseLogger - Using 'UTF-8' encoding to copy filtered resources.
2016-01-20 16:53:51,694 [Worker-2] INFO  o.e.m.c.i.embedder.EclipseLogger - skip non existing resourceDirectory /Users/pktqa/Desktop/BrandProduction/test/src/main/resources
2016-01-20 16:53:51,695 [Worker-2] INFO  o.e.m.c.i.embedder.EclipseLogger - Using 'UTF-8' encoding to copy filtered resources.
2016-01-20 16:53:51,695 [Worker-2] INFO  o.e.m.c.i.embedder.EclipseLogger - skip non existing resourceDirectory /Users/pktqa/Desktop/BrandProduction/test/src/test/resources
2016-01-20 18:12:44,088 [Worker-41] INFO  o.e.m.c.i.embedder.EclipseLogger - Using 'UTF-8' encoding to copy filtered resources.
2016-01-20 18:12:44,088 [Worker-41] INFO  o.e.m.c.i.embedder.EclipseLogger - skip non existing resourceDirectory /Users/pktqa/Desktop/BrandProduction/test/src/main/resources
2016-01-20 18:12:44,089 [Worker-41] INFO  o.e.m.c.i.embedder.EclipseLogger - Using 'UTF-8' encoding to copy filtered resources.
2016-01-20 18:12:44,089 [Worker-41] INFO  o.e.m.c.i.embedder.EclipseLogger - skip non existing resourceDirectory /Users/pktqa/Desktop/BrandProduction/test/src/test/resources
2016-01-20 18:13:00,905 [Worker-50] INFO  o.e.m.c.i.embedder.EclipseLogger - Using 'UTF-8' encoding to copy filtered resources.
2016-01-20 18:13:00,905 [Worker-50] INFO  o.e.m.c.i.embedder.EclipseLogger - skip non existing resourceDirectory /Users/pktqa/Desktop/BrandProduction/test/src/main/resources
2016-01-20 18:13:00,906 [Worker-50] INFO  o.e.m.c.i.embedder.EclipseLogger - Using 'UTF-8' encoding to copy filtered resources.
2016-01-20 18:13:00,906 [Worker-50] INFO  o.e.m.c.i.embedder.EclipseLogger - skip non existing resourceDirectory /Users/pktqa/Desktop/BrandProduction/test/src/test/resources
2016-01-20 18:15:41,238 [Worker-51] INFO  o.e.m.c.i.embedder.EclipseLogger - Using 'UTF-8' encoding to copy filtered resources.
2016-01-20 18:15:41,238 [Worker-51] INFO  o.e.m.c.i.embedder.EclipseLogger - skip non existing resourceDirectory /Users/pktqa/Desktop/BrandProduction/test/src/main/resources
2016-01-20 18:15:41,239 [Worker-51] INFO  o.e.m.c.i.embedder.EclipseLogger - Using 'UTF-8' encoding to copy filtered resources.
2016-01-20 18:15:41,239 [Worker-51] INFO  o.e.m.c.i.embedder.EclipseLogger - skip non existing resourceDirectory /Users/pktqa/Desktop/BrandProduction/test/src/test/resources
2016-01-20 18:47:59,560 [Worker-69] INFO  o.e.m.c.i.embedder.EclipseLogger - Using 'UTF-8' encoding to copy filtered resources.
2016-01-20 18:47:59,560 [Worker-69] INFO  o.e.m.c.i.embedder.EclipseLogger - skip non existing resourceDirectory /Users/pktqa/Desktop/BrandProduction/test/src/main/resources
2016-01-20 18:47:59,561 [Worker-69] INFO  o.e.m.c.i.embedder.EclipseLogger - Using 'UTF-8' encoding to copy filtered resources.
2016-01-20 18:47:59,562 [Worker-69] INFO  o.e.m.c.i.embedder.EclipseLogger - skip non existing resourceDirectory /Users/pktqa/Desktop/BrandProduction/test/src/test/resources
2016-01-21 10:00:59,689 [Worker-287] INFO  o.e.m.c.i.embedder.EclipseLogger - Using 'UTF-8' encoding to copy filtered resources.
2016-01-21 10:00:59,689 [Worker-287] INFO  o.e.m.c.i.embedder.EclipseLogger - skip non existing resourceDirectory /Users/pktqa/Desktop/BrandProduction/test/src/main/resources
2016-01-21 10:00:59,691 [Worker-287] INFO  o.e.m.c.i.embedder.EclipseLogger - Using 'UTF-8' encoding to copy filtered resources.
2016-01-21 10:00:59,691 [Worker-287] INFO  o.e.m.c.i.embedder.EclipseLogger - skip non existing resourceDirectory /Users/pktqa/Desktop/BrandProduction/test/src/test/resources
2016-01-21 11:17:07,406 [Worker-310] INFO  o.e.m.c.i.embedder.EclipseLogger - Using 'UTF-8' encoding to copy filtered resources.
2016-01-21 11:17:07,406 [Worker-310] INFO  o.e.m.c.i.embedder.EclipseLogger - skip non existing resourceDirectory /Users/pktqa/Desktop/BrandProduction/test/src/main/resources
2016-01-21 11:17:07,407 [Worker-310] INFO  o.e.m.c.i.embedder.EclipseLogger - Using 'UTF-8' encoding to copy filtered resources.
2016-01-21 11:17:07,408 [Worker-310] INFO  o.e.m.c.i.embedder.EclipseLogger - skip non existing resourceDirectory /Users/pktqa/Desktop/BrandProduction/test/src/test/resources
2016-01-21 13:42:45,127 [Worker-352] INFO  o.e.m.c.i.embedder.EclipseLogger - Using 'UTF-8' encoding to copy filtered resources.
2016-01-21 13:42:45,128 [Worker-352] INFO  o.e.m.c.i.embedder.EclipseLogger - skip non existing resourceDirectory /Users/pktqa/Desktop/BrandProduction/test/src/main/resources
2016-01-21 13:42:45,136 [Worker-352] INFO  o.e.m.c.i.embedder.EclipseLogger - Using 'UTF-8' encoding to copy filtered resources.
2016-01-21 13:42:45,137 [Worker-352] INFO  o.e.m.c.i.embedder.EclipseLogger - skip non existing resourceDirectory /Users/pktqa/Desktop/BrandProduction/test/src/test/resources
2016-01-21 13:49:19,926 [Worker-356] INFO  o.e.m.c.i.embedder.EclipseLogger - Using 'UTF-8' encoding to copy filtered resources.
2016-01-21 13:49:19,927 [Worker-356] INFO  o.e.m.c.i.embedder.EclipseLogger - skip non existing resourceDirectory /Users/pktqa/Desktop/BrandProduction/test/src/main/resources
2016-01-21 13:49:19,928 [Worker-356] INFO  o.e.m.c.i.embedder.EclipseLogger - Using 'UTF-8' encoding to copy filtered resources.
2016-01-21 13:49:19,928 [Worker-356] INFO  o.e.m.c.i.embedder.EclipseLogger - skip non existing resourceDirectory /Users/pktqa/Desktop/BrandProduction/test/src/test/resources
2016-01-21 13:53:13,306 [Worker-360] INFO  o.e.m.c.i.embedder.EclipseLogger - Using 'UTF-8' encoding to copy filtered resources.
2016-01-21 13:53:13,306 [Worker-360] INFO  o.e.m.c.i.embedder.EclipseLogger - skip non existing resourceDirectory /Users/pktqa/Desktop/BrandProduction/test/src/main/resources
2016-01-21 13:53:13,308 [Worker-360] INFO  o.e.m.c.i.embedder.EclipseLogger - Using 'UTF-8' encoding to copy filtered resources.
2016-01-21 13:53:13,308 [Worker-360] INFO  o.e.m.c.i.embedder.EclipseLogger - skip non existing resourceDirectory /Users/pktqa/Desktop/BrandProduction/test/src/test/resources
2016-01-21 13:53:36,228 [Worker-360] INFO  o.e.m.c.i.embedder.EclipseLogger - Using 'UTF-8' encoding to copy filtered resources.
2016-01-21 13:53:36,228 [Worker-360] INFO  o.e.m.c.i.embedder.EclipseLogger - skip non existing resourceDirectory /Users/pktqa/Desktop/BrandProduction/test/src/main/resources
2016-01-21 13:53:36,230 [Worker-360] INFO  o.e.m.c.i.embedder.EclipseLogger - Using 'UTF-8' encoding to copy filtered resources.
2016-01-21 13:53:36,230 [Worker-360] INFO  o.e.m.c.i.embedder.EclipseLogger - skip non existing resourceDirectory /Users/pktqa/Desktop/BrandProduction/test/src/test/resources
2016-01-21 14:28:00,712 [Worker-373] INFO  o.e.m.c.i.embedder.EclipseLogger - Using 'UTF-8' encoding to copy filtered resources.
2016-01-21 14:28:00,712 [Worker-373] INFO  o.e.m.c.i.embedder.EclipseLogger - skip non existing resourceDirectory /Users/pktqa/Desktop/BrandProduction/test/src/main/resources
2016-01-21 14:28:00,714 [Worker-373] INFO  o.e.m.c.i.embedder.EclipseLogger - Using 'UTF-8' encoding to copy filtered resources.
2016-01-21 14:28:00,714 [Worker-373] INFO  o.e.m.c.i.embedder.EclipseLogger - skip non existing resourceDirectory /Users/pktqa/Desktop/BrandProduction/test/src/test/resources
2016-01-21 14:29:02,241 [Worker-368] INFO  o.e.m.c.i.embedder.EclipseLogger - Using 'UTF-8' encoding to copy filtered resources.
2016-01-21 14:29:02,241 [Worker-368] INFO  o.e.m.c.i.embedder.EclipseLogger - skip non existing resourceDirectory /Users/pktqa/Desktop/BrandProduction/test/src/main/resources
2016-01-21 14:29:02,242 [Worker-368] INFO  o.e.m.c.i.embedder.EclipseLogger - Using 'UTF-8' encoding to copy filtered resources.
2016-01-21 14:29:02,242 [Worker-368] INFO  o.e.m.c.i.embedder.EclipseLogger - skip non existing resourceDirectory /Users/pktqa/Desktop/BrandProduction/test/src/test/resources
2016-01-21 14:31:08,609 [Worker-364] INFO  o.e.m.c.i.embedder.EclipseLogger - Using 'UTF-8' encoding to copy filtered resources.
2016-01-21 14:31:08,609 [Worker-364] INFO  o.e.m.c.i.embedder.EclipseLogger - skip non existing resourceDirectory /Users/pktqa/Desktop/BrandProduction/test/src/main/resources
2016-01-21 14:31:08,610 [Worker-364] INFO  o.e.m.c.i.embedder.EclipseLogger - Using 'UTF-8' encoding to copy filtered resources.
2016-01-21 14:31:08,610 [Worker-364] INFO  o.e.m.c.i.embedder.EclipseLogger - skip non existing resourceDirectory /Users/pktqa/Desktop/BrandProduction/test/src/test/resources
2016-01-21 14:34:42,115 [Worker-368] INFO  o.e.m.c.i.embedder.EclipseLogger - Using 'UTF-8' encoding to copy filtered resources.
2016-01-21 14:34:42,115 [Worker-368] INFO  o.e.m.c.i.embedder.EclipseLogger - skip non existing resourceDirectory /Users/pktqa/Desktop/BrandProduction/test/src/main/resources
2016-01-21 14:34:42,116 [Worker-368] INFO  o.e.m.c.i.embedder.EclipseLogger - Using 'UTF-8' encoding to copy filtered resources.
2016-01-21 14:34:42,116 [Worker-368] INFO  o.e.m.c.i.embedder.EclipseLogger - skip non existing resourceDirectory /Users/pktqa/Desktop/BrandProduction/test/src/test/resources
2016-01-21 14:34:54,439 [Worker-378] INFO  o.e.m.c.i.embedder.EclipseLogger - Using 'UTF-8' encoding to copy filtered resources.
2016-01-21 14:34:54,439 [Worker-378] INFO  o.e.m.c.i.embedder.EclipseLogger - skip non existing resourceDirectory /Users/pktqa/Desktop/BrandProduction/test/src/main/resources
2016-01-21 14:34:54,440 [Worker-378] INFO  o.e.m.c.i.embedder.EclipseLogger - Using 'UTF-8' encoding to copy filtered resources.
2016-01-21 14:34:54,441 [Worker-378] INFO  o.e.m.c.i.embedder.EclipseLogger - skip non existing resourceDirectory /Users/pktqa/Desktop/BrandProduction/test/src/test/resources
2016-01-21 14:37:09,304 [Worker-377] INFO  o.e.m.c.i.embedder.EclipseLogger - Using 'UTF-8' encoding to copy filtered resources.
2016-01-21 14:37:09,304 [Worker-377] INFO  o.e.m.c.i.embedder.EclipseLogger - skip non existing resourceDirectory /Users/pktqa/Desktop/BrandProduction/test/src/main/resources
2016-01-21 14:37:09,314 [Worker-377] INFO  o.e.m.c.i.embedder.EclipseLogger - Using 'UTF-8' encoding to copy filtered resources.
2016-01-21 14:37:09,314 [Worker-377] INFO  o.e.m.c.i.embedder.EclipseLogger - skip non existing resourceDirectory /Users/pktqa/Desktop/BrandProduction/test/src/test/resources
2016-01-21 14:40:47,614 [Worker-371] INFO  o.e.m.c.i.embedder.EclipseLogger - Using 'UTF-8' encoding to copy filtered resources.
2016-01-21 14:40:47,614 [Worker-371] INFO  o.e.m.c.i.embedder.EclipseLogger - skip non existing resourceDirectory /Users/pktqa/Desktop/BrandProduction/test/src/main/resources
2016-01-21 14:40:47,615 [Worker-371] INFO  o.e.m.c.i.embedder.EclipseLogger - Using 'UTF-8' encoding to copy filtered resources.
2016-01-21 14:40:47,615 [Worker-371] INFO  o.e.m.c.i.embedder.EclipseLogger - skip non existing resourceDirectory /Users/pktqa/Desktop/BrandProduction/test/src/test/resources
2016-01-21 14:42:24,995 [Worker-382] INFO  o.e.m.c.i.embedder.EclipseLogger - Using 'UTF-8' encoding to copy filtered resources.
2016-01-21 14:42:24,996 [Worker-382] INFO  o.e.m.c.i.embedder.EclipseLogger - skip non existing resourceDirectory /Users/pktqa/Desktop/BrandProduction/test/src/main/resources
2016-01-21 14:42:24,997 [Worker-382] INFO  o.e.m.c.i.embedder.EclipseLogger - Using 'UTF-8' encoding to copy filtered resources.
2016-01-21 14:42:24,997 [Worker-382] INFO  o.e.m.c.i.embedder.EclipseLogger - skip non existing resourceDirectory /Users/pktqa/Desktop/BrandProduction/test/src/test/resources
2016-01-21 14:47:58,082 [Worker-378] INFO  o.e.m.c.i.embedder.EclipseLogger - Using 'UTF-8' encoding to copy filtered resources.
2016-01-21 14:47:58,082 [Worker-378] INFO  o.e.m.c.i.embedder.EclipseLogger - skip non existing resourceDirectory /Users/pktqa/Desktop/BrandProduction/test/src/main/resources
2016-01-21 14:47:58,083 [Worker-378] INFO  o.e.m.c.i.embedder.EclipseLogger - Using 'UTF-8' encoding to copy filtered resources.
2016-01-21 14:47:58,083 [Worker-378] INFO  o.e.m.c.i.embedder.EclipseLogger - skip non existing resourceDirectory /Users/pktqa/Desktop/BrandProduction/test/src/test/resources
2016-01-21 14:57:57,665 [Worker-389] INFO  o.e.m.c.i.embedder.EclipseLogger - Using 'UTF-8' encoding to copy filtered resources.
2016-01-21 14:57:57,666 [Worker-389] INFO  o.e.m.c.i.embedder.EclipseLogger - skip non existing resourceDirectory /Users/pktqa/Desktop/BrandProduction/test/src/main/resources
2016-01-21 14:57:57,667 [Worker-389] INFO  o.e.m.c.i.embedder.EclipseLogger - Using 'UTF-8' encoding to copy filtered resources.
2016-01-21 14:57:57,667 [Worker-389] INFO  o.e.m.c.i.embedder.EclipseLogger - skip non existing resourceDirectory /Users/pktqa/Desktop/BrandProduction/test/src/test/resources
2016-01-21 15:00:38,260 [Worker-389] INFO  o.e.m.c.i.embedder.EclipseLogger - Using 'UTF-8' encoding to copy filtered resources.
2016-01-21 15:00:38,260 [Worker-389] INFO  o.e.m.c.i.embedder.EclipseLogger - skip non existing resourceDirectory /Users/pktqa/Desktop/BrandProduction/test/src/main/resources
2016-01-21 15:00:38,261 [Worker-389] INFO  o.e.m.c.i.embedder.EclipseLogger - Using 'UTF-8' encoding to copy filtered resources.
2016-01-21 15:00:38,261 [Worker-389] INFO  o.e.m.c.i.embedder.EclipseLogger - skip non existing resourceDirectory /Users/pktqa/Desktop/BrandProduction/test/src/test/resources
2016-01-21 15:02:35,897 [Worker-371] INFO  o.e.m.c.i.embedder.EclipseLogger - Using 'UTF-8' encoding to copy filtered resources.
2016-01-21 15:02:35,897 [Worker-371] INFO  o.e.m.c.i.embedder.EclipseLogger - skip non existing resourceDirectory /Users/pktqa/Desktop/BrandProduction/test/src/main/resources
2016-01-21 15:02:35,898 [Worker-371] INFO  o.e.m.c.i.embedder.EclipseLogger - Using 'UTF-8' encoding to copy filtered resources.
2016-01-21 15:02:35,898 [Worker-371] INFO  o.e.m.c.i.embedder.EclipseLogger - skip non existing resourceDirectory /Users/pktqa/Desktop/BrandProduction/test/src/test/resources
2016-01-21 15:03:14,379 [Worker-388] INFO  o.e.m.c.i.embedder.EclipseLogger - Using 'UTF-8' encoding to copy filtered resources.
2016-01-21 15:03:14,379 [Worker-388] INFO  o.e.m.c.i.embedder.EclipseLogger - skip non existing resourceDirectory /Users/pktqa/Desktop/BrandProduction/test/src/main/resources
2016-01-21 15:03:14,379 [Worker-388] INFO  o.e.m.c.i.embedder.EclipseLogger - Using 'UTF-8' encoding to copy filtered resources.
2016-01-21 15:03:14,379 [Worker-388] INFO  o.e.m.c.i.embedder.EclipseLogger - skip non existing resourceDirectory /Users/pktqa/Desktop/BrandProduction/test/src/test/resources
2016-01-21 15:08:47,778 [Worker-389] INFO  o.e.m.c.i.embedder.EclipseLogger - Using 'UTF-8' encoding to copy filtered resources.
2016-01-21 15:08:47,778 [Worker-389] INFO  o.e.m.c.i.embedder.EclipseLogger - skip non existing resourceDirectory /Users/pktqa/Desktop/BrandProduction/test/src/main/resources
2016-01-21 15:08:47,779 [Worker-389] INFO  o.e.m.c.i.embedder.EclipseLogger - Using 'UTF-8' encoding to copy filtered resources.
2016-01-21 15:08:47,779 [Worker-389] INFO  o.e.m.c.i.embedder.EclipseLogger - skip non existing resourceDirectory /Users/pktqa/Desktop/BrandProduction/test/src/test/resources
2016-01-21 15:09:20,620 [Worker-386] INFO  o.e.m.c.i.embedder.EclipseLogger - Using 'UTF-8' encoding to copy filtered resources.
2016-01-21 15:09:20,621 [Worker-386] INFO  o.e.m.c.i.embedder.EclipseLogger - skip non existing resourceDirectory /Users/pktqa/Desktop/BrandProduction/test/src/main/resources
2016-01-21 15:09:20,621 [Worker-386] INFO  o.e.m.c.i.embedder.EclipseLogger - Using 'UTF-8' encoding to copy filtered resources.
2016-01-21 15:09:20,621 [Worker-386] INFO  o.e.m.c.i.embedder.EclipseLogger - skip non existing resourceDirectory /Users/pktqa/Desktop/BrandProduction/test/src/test/resources
2016-01-21 15:10:27,486 [Worker-395] INFO  o.e.m.c.i.embedder.EclipseLogger - Using 'UTF-8' encoding to copy filtered resources.
2016-01-21 15:10:27,487 [Worker-395] INFO  o.e.m.c.i.embedder.EclipseLogger - skip non existing resourceDirectory /Users/pktqa/Desktop/BrandProduction/test/src/main/resources
2016-01-21 15:10:27,488 [Worker-395] INFO  o.e.m.c.i.embedder.EclipseLogger - Using 'UTF-8' encoding to copy filtered resources.
2016-01-21 15:10:27,488 [Worker-395] INFO  o.e.m.c.i.embedder.EclipseLogger - skip non existing resourceDirectory /Users/pktqa/Desktop/BrandProduction/test/src/test/resources
2016-01-21 15:17:16,942 [Worker-390] INFO  o.e.m.c.i.embedder.EclipseLogger - Using 'UTF-8' encoding to copy filtered resources.
2016-01-21 15:17:16,942 [Worker-390] INFO  o.e.m.c.i.embedder.EclipseLogger - skip non existing resourceDirectory /Users/pktqa/Desktop/BrandProduction/test/src/main/resources
2016-01-21 15:17:16,943 [Worker-390] INFO  o.e.m.c.i.embedder.EclipseLogger - Using 'UTF-8' encoding to copy filtered resources.
2016-01-21 15:17:16,943 [Worker-390] INFO  o.e.m.c.i.embedder.EclipseLogger - skip non existing resourceDirectory /Users/pktqa/Desktop/BrandProduction/test/src/test/resources
2016-01-21 15:29:42,586 [Worker-403] INFO  o.e.m.c.i.embedder.EclipseLogger - Using 'UTF-8' encoding to copy filtered resources.
2016-01-21 15:29:42,586 [Worker-403] INFO  o.e.m.c.i.embedder.EclipseLogger - skip non existing resourceDirectory /Users/pktqa/Desktop/BrandProduction/test/src/main/resources
2016-01-21 15:29:42,587 [Worker-403] INFO  o.e.m.c.i.embedder.EclipseLogger - Using 'UTF-8' encoding to copy filtered resources.
2016-01-21 15:29:42,587 [Worker-403] INFO  o.e.m.c.i.embedder.EclipseLogger - skip non existing resourceDirectory /Users/pktqa/Desktop/BrandProduction/test/src/test/resources
2016-01-21 15:38:52,819 [Worker-403] INFO  o.e.m.c.i.embedder.EclipseLogger - Using 'UTF-8' encoding to copy filtered resources.
2016-01-21 15:38:52,819 [Worker-403] INFO  o.e.m.c.i.embedder.EclipseLogger - skip non existing resourceDirectory /Users/pktqa/Desktop/BrandProduction/test/src/main/resources
2016-01-21 15:38:52,820 [Worker-403] INFO  o.e.m.c.i.embedder.EclipseLogger - Using 'UTF-8' encoding to copy filtered resources.
2016-01-21 15:38:52,820 [Worker-403] INFO  o.e.m.c.i.embedder.EclipseLogger - skip non existing resourceDirectory /Users/pktqa/Desktop/BrandProduction/test/src/test/resources
2016-01-21 15:39:30,478 [Worker-403] INFO  o.e.m.c.i.embedder.EclipseLogger - Using 'UTF-8' encoding to copy filtered resources.
2016-01-21 15:39:30,478 [Worker-403] INFO  o.e.m.c.i.embedder.EclipseLogger - skip non existing resourceDirectory /Users/pktqa/Desktop/BrandProduction/test/src/main/resources
2016-01-21 15:39:30,478 [Worker-403] INFO  o.e.m.c.i.embedder.EclipseLogger - Using 'UTF-8' encoding to copy filtered resources.
2016-01-21 15:39:30,478 [Worker-403] INFO  o.e.m.c.i.embedder.EclipseLogger - skip non existing resourceDirectory /Users/pktqa/Desktop/BrandProduction/test/src/test/resources
2016-01-21 15:47:27,068 [Worker-413] INFO  o.e.m.c.i.embedder.EclipseLogger - Using 'UTF-8' encoding to copy filtered resources.
2016-01-21 15:47:27,068 [Worker-413] INFO  o.e.m.c.i.embedder.EclipseLogger - skip non existing resourceDirectory /Users/pktqa/Desktop/BrandProduction/test/src/main/resources
2016-01-21 15:47:27,068 [Worker-413] INFO  o.e.m.c.i.embedder.EclipseLogger - Using 'UTF-8' encoding to copy filtered resources.
2016-01-21 15:47:27,068 [Worker-413] INFO  o.e.m.c.i.embedder.EclipseLogger - skip non existing resourceDirectory /Users/pktqa/Desktop/BrandProduction/test/src/test/resources
2016-01-22 09:14:15,086 [Worker-698] INFO  o.e.m.c.i.embedder.EclipseLogger - Using 'UTF-8' encoding to copy filtered resources.
2016-01-22 09:14:15,087 [Worker-698] INFO  o.e.m.c.i.embedder.EclipseLogger - skip non existing resourceDirectory /Users/pktqa/Desktop/BrandProduction/test/src/main/resources
2016-01-22 09:14:15,087 [Worker-698] INFO  o.e.m.c.i.embedder.EclipseLogger - Using 'UTF-8' encoding to copy filtered resources.
2016-01-22 09:14:15,087 [Worker-698] INFO  o.e.m.c.i.embedder.EclipseLogger - skip non existing resourceDirectory /Users/pktqa/Desktop/BrandProduction/test/src/test/resources
2016-01-22 09:16:01,230 [Worker-703] INFO  o.e.m.c.i.embedder.EclipseLogger - Using 'UTF-8' encoding to copy filtered resources.
2016-01-22 09:16:01,236 [Worker-703] INFO  o.e.m.c.i.embedder.EclipseLogger - skip non existing resourceDirectory /Users/pktqa/Desktop/BrandProduction/test/src/main/resources
2016-01-22 09:16:01,237 [Worker-703] INFO  o.e.m.c.i.embedder.EclipseLogger - Using 'UTF-8' encoding to copy filtered resources.
2016-01-22 09:16:01,237 [Worker-703] INFO  o.e.m.c.i.embedder.EclipseLogger - skip non existing resourceDirectory /Users/pktqa/Desktop/BrandProduction/test/src/test/resources
2016-01-22 09:21:36,813 [Worker-699] INFO  o.e.m.c.i.embedder.EclipseLogger - Using 'UTF-8' encoding to copy filtered resources.
2016-01-22 09:21:36,813 [Worker-699] INFO  o.e.m.c.i.embedder.EclipseLogger - skip non existing resourceDirectory /Users/pktqa/Desktop/BrandProduction/test/src/main/resources
2016-01-22 09:21:36,814 [Worker-699] INFO  o.e.m.c.i.embedder.EclipseLogger - Using 'UTF-8' encoding to copy filtered resources.
2016-01-22 09:21:36,814 [Worker-699] INFO  o.e.m.c.i.embedder.EclipseLogger - skip non existing resourceDirectory /Users/pktqa/Desktop/BrandProduction/test/src/test/resources
2016-01-22 09:23:06,035 [Worker-701] INFO  o.e.m.c.i.embedder.EclipseLogger - Using 'UTF-8' encoding to copy filtered resources.
2016-01-22 09:23:06,036 [Worker-701] INFO  o.e.m.c.i.embedder.EclipseLogger - skip non existing resourceDirectory /Users/pktqa/Desktop/BrandProduction/test/src/main/resources
2016-01-22 09:23:06,036 [Worker-701] INFO  o.e.m.c.i.embedder.EclipseLogger - Using 'UTF-8' encoding to copy filtered resources.
2016-01-22 09:23:06,036 [Worker-701] INFO  o.e.m.c.i.embedder.EclipseLogger - skip non existing resourceDirectory /Users/pktqa/Desktop/BrandProduction/test/src/test/resources
2016-01-22 09:29:36,335 [Worker-711] INFO  o.e.m.c.i.embedder.EclipseLogger - Using 'UTF-8' encoding to copy filtered resources.
2016-01-22 09:29:36,335 [Worker-711] INFO  o.e.m.c.i.embedder.EclipseLogger - skip non existing resourceDirectory /Users/pktqa/Desktop/BrandProduction/test/src/main/resources
2016-01-22 09:29:36,336 [Worker-711] INFO  o.e.m.c.i.embedder.EclipseLogger - Using 'UTF-8' encoding to copy filtered resources.
2016-01-22 09:29:36,336 [Worker-711] INFO  o.e.m.c.i.embedder.EclipseLogger - skip non existing resourceDirectory /Users/pktqa/Desktop/BrandProduction/test/src/test/resources
2016-01-22 09:30:00,235 [Worker-710] INFO  o.e.m.c.i.embedder.EclipseLogger - Using 'UTF-8' encoding to copy filtered resources.
2016-01-22 09:30:00,235 [Worker-710] INFO  o.e.m.c.i.embedder.EclipseLogger - skip non existing resourceDirectory /Users/pktqa/Desktop/BrandProduction/test/src/main/resources
2016-01-22 09:30:00,236 [Worker-710] INFO  o.e.m.c.i.embedder.EclipseLogger - Using 'UTF-8' encoding to copy filtered resources.
2016-01-22 09:30:00,236 [Worker-710] INFO  o.e.m.c.i.embedder.EclipseLogger - skip non existing resourceDirectory /Users/pktqa/Desktop/BrandProduction/test/src/test/resources
2016-01-22 09:41:49,747 [Worker-714] INFO  o.e.m.c.i.embedder.EclipseLogger - Using 'UTF-8' encoding to copy filtered resources.
2016-01-22 09:41:49,747 [Worker-714] INFO  o.e.m.c.i.embedder.EclipseLogger - skip non existing resourceDirectory /Users/pktqa/Desktop/BrandProduction/test/src/main/resources
2016-01-22 09:41:49,748 [Worker-714] INFO  o.e.m.c.i.embedder.EclipseLogger - Using 'UTF-8' encoding to copy filtered resources.
2016-01-22 09:41:49,748 [Worker-714] INFO  o.e.m.c.i.embedder.EclipseLogger - skip non existing resourceDirectory /Users/pktqa/Desktop/BrandProduction/test/src/test/resources
2016-01-22 09:51:59,034 [Worker-723] INFO  o.e.m.c.i.embedder.EclipseLogger - Using 'UTF-8' encoding to copy filtered resources.
2016-01-22 09:51:59,034 [Worker-723] INFO  o.e.m.c.i.embedder.EclipseLogger - skip non existing resourceDirectory /Users/pktqa/Desktop/BrandProduction/test/src/main/resources
2016-01-22 09:51:59,036 [Worker-723] INFO  o.e.m.c.i.embedder.EclipseLogger - Using 'UTF-8' encoding to copy filtered resources.
2016-01-22 09:51:59,036 [Worker-723] INFO  o.e.m.c.i.embedder.EclipseLogger - skip non existing resourceDirectory /Users/pktqa/Desktop/BrandProduction/test/src/test/resources
2016-01-22 09:52:22,946 [Worker-723] INFO  o.e.m.c.i.embedder.EclipseLogger - Using 'UTF-8' encoding to copy filtered resources.
2016-01-22 09:52:22,946 [Worker-723] INFO  o.e.m.c.i.embedder.EclipseLogger - skip non existing resourceDirectory /Users/pktqa/Desktop/BrandProduction/test/src/main/resources
2016-01-22 09:52:22,947 [Worker-723] INFO  o.e.m.c.i.embedder.EclipseLogger - Using 'UTF-8' encoding to copy filtered resources.
2016-01-22 09:52:22,947 [Worker-723] INFO  o.e.m.c.i.embedder.EclipseLogger - skip non existing resourceDirectory /Users/pktqa/Desktop/BrandProduction/test/src/test/resources
2016-01-22 09:52:33,571 [Worker-719] INFO  o.e.m.c.i.embedder.EclipseLogger - Using 'UTF-8' encoding to copy filtered resources.
2016-01-22 09:52:33,572 [Worker-719] INFO  o.e.m.c.i.embedder.EclipseLogger - skip non existing resourceDirectory /Users/pktqa/Desktop/BrandProduction/test/src/main/resources
2016-01-22 09:52:33,572 [Worker-719] INFO  o.e.m.c.i.embedder.EclipseLogger - Using 'UTF-8' encoding to copy filtered resources.
2016-01-22 09:52:33,572 [Worker-719] INFO  o.e.m.c.i.embedder.EclipseLogger - skip non existing resourceDirectory /Users/pktqa/Desktop/BrandProduction/test/src/test/resources
2016-01-22 10:07:38,373 [Worker-721] INFO  o.e.m.c.i.embedder.EclipseLogger - Using 'UTF-8' encoding to copy filtered resources.
2016-01-22 10:07:38,373 [Worker-721] INFO  o.e.m.c.i.embedder.EclipseLogger - skip non existing resourceDirectory /Users/pktqa/Desktop/BrandProduction/test/src/main/resources
2016-01-22 10:07:38,374 [Worker-721] INFO  o.e.m.c.i.embedder.EclipseLogger - Using 'UTF-8' encoding to copy filtered resources.
2016-01-22 10:07:38,374 [Worker-721] INFO  o.e.m.c.i.embedder.EclipseLogger - skip non existing resourceDirectory /Users/pktqa/Desktop/BrandProduction/test/src/test/resources
2016-01-22 10:23:30,985 [Worker-737] INFO  o.e.m.c.i.embedder.EclipseLogger - Using 'UTF-8' encoding to copy filtered resources.
2016-01-22 10:23:30,985 [Worker-737] INFO  o.e.m.c.i.embedder.EclipseLogger - skip non existing resourceDirectory /Users/pktqa/Desktop/BrandProduction/test/src/main/resources
2016-01-22 10:23:30,986 [Worker-737] INFO  o.e.m.c.i.embedder.EclipseLogger - Using 'UTF-8' encoding to copy filtered resources.
2016-01-22 10:23:30,986 [Worker-737] INFO  o.e.m.c.i.embedder.EclipseLogger - skip non existing resourceDirectory /Users/pktqa/Desktop/BrandProduction/test/src/test/resources
2016-01-22 10:35:03,443 [Worker-741] INFO  o.e.m.c.i.embedder.EclipseLogger - Using 'UTF-8' encoding to copy filtered resources.
2016-01-22 10:35:03,443 [Worker-741] INFO  o.e.m.c.i.embedder.EclipseLogger - skip non existing resourceDirectory /Users/pktqa/Desktop/BrandProduction/test/src/main/resources
2016-01-22 10:35:03,444 [Worker-741] INFO  o.e.m.c.i.embedder.EclipseLogger - Using 'UTF-8' encoding to copy filtered resources.
2016-01-22 10:35:03,444 [Worker-741] INFO  o.e.m.c.i.embedder.EclipseLogger - skip non existing resourceDirectory /Users/pktqa/Desktop/BrandProduction/test/src/test/resources
2016-01-22 10:43:22,711 [Worker-741] INFO  o.e.m.c.i.embedder.EclipseLogger - Using 'UTF-8' encoding to copy filtered resources.
2016-01-22 10:43:22,711 [Worker-741] INFO  o.e.m.c.i.embedder.EclipseLogger - skip non existing resourceDirectory /Users/pktqa/Desktop/BrandProduction/test/src/main/resources
2016-01-22 10:43:22,712 [Worker-741] INFO  o.e.m.c.i.embedder.EclipseLogger - Using 'UTF-8' encoding to copy filtered resources.
2016-01-22 10:43:22,712 [Worker-741] INFO  o.e.m.c.i.embedder.EclipseLogger - skip non existing resourceDirectory /Users/pktqa/Desktop/BrandProduction/test/src/test/resources
2016-01-22 10:48:26,090 [Worker-750] INFO  o.e.m.c.i.embedder.EclipseLogger - Using 'UTF-8' encoding to copy filtered resources.
2016-01-22 10:48:26,090 [Worker-750] INFO  o.e.m.c.i.embedder.EclipseLogger - skip non existing resourceDirectory /Users/pktqa/Desktop/BrandProduction/test/src/main/resources
2016-01-22 10:48:26,090 [Worker-750] INFO  o.e.m.c.i.embedder.EclipseLogger - Using 'UTF-8' encoding to copy filtered resources.
2016-01-22 10:48:26,091 [Worker-750] INFO  o.e.m.c.i.embedder.EclipseLogger - skip non existing resourceDirectory /Users/pktqa/Desktop/BrandProduction/test/src/test/resources
2016-01-22 10:49:11,950 [Worker-748] INFO  o.e.m.c.i.embedder.EclipseLogger - Using 'UTF-8' encoding to copy filtered resources.
2016-01-22 10:49:11,950 [Worker-748] INFO  o.e.m.c.i.embedder.EclipseLogger - skip non existing resourceDirectory /Users/pktqa/Desktop/BrandProduction/test/src/main/resources
2016-01-22 10:49:11,951 [Worker-748] INFO  o.e.m.c.i.embedder.EclipseLogger - Using 'UTF-8' encoding to copy filtered resources.
2016-01-22 10:49:11,951 [Worker-748] INFO  o.e.m.c.i.embedder.EclipseLogger - skip non existing resourceDirectory /Users/pktqa/Desktop/BrandProduction/test/src/test/resources
2016-01-22 10:51:32,233 [Worker-753] INFO  o.e.m.c.i.embedder.EclipseLogger - Using 'UTF-8' encoding to copy filtered resources.
2016-01-22 10:51:32,233 [Worker-753] INFO  o.e.m.c.i.embedder.EclipseLogger - skip non existing resourceDirectory /Users/pktqa/Desktop/BrandProduction/test/src/main/resources
2016-01-22 10:51:32,234 [Worker-753] INFO  o.e.m.c.i.embedder.EclipseLogger - Using 'UTF-8' encoding to copy filtered resources.
2016-01-22 10:51:32,234 [Worker-753] INFO  o.e.m.c.i.embedder.EclipseLogger - skip non existing resourceDirectory /Users/pktqa/Desktop/BrandProduction/test/src/test/resources
2016-01-22 11:54:02,886 [Worker-768] INFO  o.e.m.c.i.embedder.EclipseLogger - Using 'UTF-8' encoding to copy filtered resources.
2016-01-22 11:54:02,886 [Worker-768] INFO  o.e.m.c.i.embedder.EclipseLogger - skip non existing resourceDirectory /Users/pktqa/Desktop/BrandProduction/test/src/main/resources
2016-01-22 11:54:02,887 [Worker-768] INFO  o.e.m.c.i.embedder.EclipseLogger - Using 'UTF-8' encoding to copy filtered resources.
2016-01-22 11:54:02,888 [Worker-768] INFO  o.e.m.c.i.embedder.EclipseLogger - skip non existing resourceDirectory /Users/pktqa/Desktop/BrandProduction/test/src/test/resources
2016-01-22 11:54:28,343 [Worker-772] INFO  o.e.m.c.i.embedder.EclipseLogger - Using 'UTF-8' encoding to copy filtered resources.
2016-01-22 11:54:28,343 [Worker-772] INFO  o.e.m.c.i.embedder.EclipseLogger - skip non existing resourceDirectory /Users/pktqa/Desktop/BrandProduction/test/src/main/resources
2016-01-22 11:54:28,344 [Worker-772] INFO  o.e.m.c.i.embedder.EclipseLogger - Using 'UTF-8' encoding to copy filtered resources.
2016-01-22 11:54:28,344 [Worker-772] INFO  o.e.m.c.i.embedder.EclipseLogger - skip non existing resourceDirectory /Users/pktqa/Desktop/BrandProduction/test/src/test/resources
2016-01-22 12:15:56,844 [Worker-786] INFO  o.e.m.c.i.embedder.EclipseLogger - Using 'UTF-8' encoding to copy filtered resources.
2016-01-22 12:15:56,849 [Worker-786] INFO  o.e.m.c.i.embedder.EclipseLogger - skip non existing resourceDirectory /Users/pktqa/Desktop/BrandProduction/test/src/main/resources
2016-01-22 12:15:56,850 [Worker-786] INFO  o.e.m.c.i.embedder.EclipseLogger - Using 'UTF-8' encoding to copy filtered resources.
2016-01-22 12:15:56,850 [Worker-786] INFO  o.e.m.c.i.embedder.EclipseLogger - skip non existing resourceDirectory /Users/pktqa/Desktop/BrandProduction/test/src/test/resources
2016-01-22 12:16:37,207 [Worker-787] INFO  o.e.m.c.i.embedder.EclipseLogger - Using 'UTF-8' encoding to copy filtered resources.
2016-01-22 12:16:37,207 [Worker-787] INFO  o.e.m.c.i.embedder.EclipseLogger - skip non existing resourceDirectory /Users/pktqa/Desktop/BrandProduction/test/src/main/resources
2016-01-22 12:16:37,207 [Worker-787] INFO  o.e.m.c.i.embedder.EclipseLogger - Using 'UTF-8' encoding to copy filtered resources.
2016-01-22 12:16:37,207 [Worker-787] INFO  o.e.m.c.i.embedder.EclipseLogger - skip non existing resourceDirectory /Users/pktqa/Desktop/BrandProduction/test/src/test/resources
2016-01-22 12:26:39,463 [Worker-788] INFO  o.e.m.c.i.embedder.EclipseLogger - Using 'UTF-8' encoding to copy filtered resources.
2016-01-22 12:26:39,463 [Worker-788] INFO  o.e.m.c.i.embedder.EclipseLogger - skip non existing resourceDirectory /Users/pktqa/Desktop/BrandProduction/test/src/main/resources
2016-01-22 12:26:39,464 [Worker-788] INFO  o.e.m.c.i.embedder.EclipseLogger - Using 'UTF-8' encoding to copy filtered resources.
2016-01-22 12:26:39,464 [Worker-788] INFO  o.e.m.c.i.embedder.EclipseLogger - skip non existing resourceDirectory /Users/pktqa/Desktop/BrandProduction/test/src/test/resources
2016-01-22 12:27:07,112 [Worker-792] INFO  o.e.m.c.i.embedder.EclipseLogger - Using 'UTF-8' encoding to copy filtered resources.
2016-01-22 12:27:07,112 [Worker-792] INFO  o.e.m.c.i.embedder.EclipseLogger - skip non existing resourceDirectory /Users/pktqa/Desktop/BrandProduction/test/src/main/resources
2016-01-22 12:27:07,113 [Worker-792] INFO  o.e.m.c.i.embedder.EclipseLogger - Using 'UTF-8' encoding to copy filtered resources.
2016-01-22 12:27:07,113 [Worker-792] INFO  o.e.m.c.i.embedder.EclipseLogger - skip non existing resourceDirectory /Users/pktqa/Desktop/BrandProduction/test/src/test/resources
2016-01-22 12:35:49,875 [Worker-795] INFO  o.e.m.c.i.embedder.EclipseLogger - Using 'UTF-8' encoding to copy filtered resources.
2016-01-22 12:35:49,875 [Worker-795] INFO  o.e.m.c.i.embedder.EclipseLogger - skip non existing resourceDirectory /Users/pktqa/Desktop/BrandProduction/test/src/main/resources
2016-01-22 12:35:49,875 [Worker-795] INFO  o.e.m.c.i.embedder.EclipseLogger - Using 'UTF-8' encoding to copy filtered resources.
2016-01-22 12:35:49,875 [Worker-795] INFO  o.e.m.c.i.embedder.EclipseLogger - skip non existing resourceDirectory /Users/pktqa/Desktop/BrandProduction/test/src/test/resources
2016-01-22 12:36:24,942 [Worker-807] INFO  o.e.m.c.i.embedder.EclipseLogger - Using 'UTF-8' encoding to copy filtered resources.
2016-01-22 12:36:24,942 [Worker-807] INFO  o.e.m.c.i.embedder.EclipseLogger - skip non existing resourceDirectory /Users/pktqa/Desktop/BrandProduction/test/src/main/resources
2016-01-22 12:36:24,943 [Worker-807] INFO  o.e.m.c.i.embedder.EclipseLogger - Using 'UTF-8' encoding to copy filtered resources.
2016-01-22 12:36:24,943 [Worker-807] INFO  o.e.m.c.i.embedder.EclipseLogger - skip non existing resourceDirectory /Users/pktqa/Desktop/BrandProduction/test/src/test/resources
2016-01-22 12:40:07,259 [Worker-807] INFO  o.e.m.c.i.embedder.EclipseLogger - Using 'UTF-8' encoding to copy filtered resources.
2016-01-22 12:40:07,259 [Worker-807] INFO  o.e.m.c.i.embedder.EclipseLogger - skip non existing resourceDirectory /Users/pktqa/Desktop/BrandProduction/test/src/main/resources
2016-01-22 12:40:07,260 [Worker-807] INFO  o.e.m.c.i.embedder.EclipseLogger - Using 'UTF-8' encoding to copy filtered resources.
2016-01-22 12:40:07,260 [Worker-807] INFO  o.e.m.c.i.embedder.EclipseLogger - skip non existing resourceDirectory /Users/pktqa/Desktop/BrandProduction/test/src/test/resources
2016-01-22 12:41:30,675 [Worker-808] INFO  o.e.m.i.launch.MavenLaunchDelegate - /Users/pktqa/Desktop/BrandProduction/test
2016-01-22 12:41:30,676 [Worker-808] INFO  o.e.m.i.launch.MavenLaunchDelegate -  mvn -DBrowser=browserIE10 -DBrowserUrl=http://www.daregreatly.com/explore/technology/wearables/sabine-seymour -DsuiteFile=CadilacDareGreatly.xml  -B test
2016-01-22 12:49:51,535 [Worker-808] INFO  o.e.m.c.i.embedder.EclipseLogger - Using 'UTF-8' encoding to copy filtered resources.
2016-01-22 12:49:51,535 [Worker-808] INFO  o.e.m.c.i.embedder.EclipseLogger - skip non existing resourceDirectory /Users/pktqa/Desktop/BrandProduction/test/src/main/resources
2016-01-22 12:49:51,537 [Worker-808] INFO  o.e.m.c.i.embedder.EclipseLogger - Using 'UTF-8' encoding to copy filtered resources.
2016-01-22 12:49:51,537 [Worker-808] INFO  o.e.m.c.i.embedder.EclipseLogger - skip non existing resourceDirectory /Users/pktqa/Desktop/BrandProduction/test/src/test/resources
2016-01-22 13:48:57,046 [Worker-834] INFO  o.e.m.c.i.embedder.EclipseLogger - Using 'UTF-8' encoding to copy filtered resources.
2016-01-22 13:48:57,047 [Worker-834] INFO  o.e.m.c.i.embedder.EclipseLogger - skip non existing resourceDirectory /Users/pktqa/Desktop/BrandProduction/test/src/main/resources
2016-01-22 13:48:57,047 [Worker-834] INFO  o.e.m.c.i.embedder.EclipseLogger - Using 'UTF-8' encoding to copy filtered resources.
2016-01-22 13:48:57,047 [Worker-834] INFO  o.e.m.c.i.embedder.EclipseLogger - skip non existing resourceDirectory /Users/pktqa/Desktop/BrandProduction/test/src/test/resources
2016-01-22 13:49:18,625 [Worker-834] INFO  o.e.m.c.i.embedder.EclipseLogger - Using 'UTF-8' encoding to copy filtered resources.
2016-01-22 13:49:18,625 [Worker-834] INFO  o.e.m.c.i.embedder.EclipseLogger - skip non existing resourceDirectory /Users/pktqa/Desktop/BrandProduction/test/src/main/resources
2016-01-22 13:49:18,626 [Worker-834] INFO  o.e.m.c.i.embedder.EclipseLogger - Using 'UTF-8' encoding to copy filtered resources.
2016-01-22 13:49:18,626 [Worker-834] INFO  o.e.m.c.i.embedder.EclipseLogger - skip non existing resourceDirectory /Users/pktqa/Desktop/BrandProduction/test/src/test/resources
2016-01-22 13:51:09,069 [Worker-840] INFO  o.e.m.c.i.embedder.EclipseLogger - Using 'UTF-8' encoding to copy filtered resources.
2016-01-22 13:51:09,069 [Worker-840] INFO  o.e.m.c.i.embedder.EclipseLogger - skip non existing resourceDirectory /Users/pktqa/Desktop/BrandProduction/test/src/main/resources
2016-01-22 13:51:09,070 [Worker-840] INFO  o.e.m.c.i.embedder.EclipseLogger - Using 'UTF-8' encoding to copy filtered resources.
2016-01-22 13:51:09,070 [Worker-840] INFO  o.e.m.c.i.embedder.EclipseLogger - skip non existing resourceDirectory /Users/pktqa/Desktop/BrandProduction/test/src/test/resources
2016-01-22 15:29:14,011 [Worker-869] INFO  o.e.m.c.i.embedder.EclipseLogger - Using 'UTF-8' encoding to copy filtered resources.
2016-01-22 15:29:14,011 [Worker-869] INFO  o.e.m.c.i.embedder.EclipseLogger - skip non existing resourceDirectory /Users/pktqa/Desktop/BrandProduction/test/src/main/resources
2016-01-22 15:29:14,012 [Worker-869] INFO  o.e.m.c.i.embedder.EclipseLogger - Using 'UTF-8' encoding to copy filtered resources.
2016-01-22 15:29:14,013 [Worker-869] INFO  o.e.m.c.i.embedder.EclipseLogger - skip non existing resourceDirectory /Users/pktqa/Desktop/BrandProduction/test/src/test/resources
2016-01-22 15:54:37,673 [Worker-877] INFO  o.e.m.c.i.embedder.EclipseLogger - Using 'UTF-8' encoding to copy filtered resources.
2016-01-22 15:54:37,674 [Worker-877] INFO  o.e.m.c.i.embedder.EclipseLogger - skip non existing resourceDirectory /Users/pktqa/Desktop/BrandProduction/test/src/main/resources
2016-01-22 15:54:37,675 [Worker-877] INFO  o.e.m.c.i.embedder.EclipseLogger - Using 'UTF-8' encoding to copy filtered resources.
2016-01-22 15:54:37,675 [Worker-877] INFO  o.e.m.c.i.embedder.EclipseLogger - skip non existing resourceDirectory /Users/pktqa/Desktop/BrandProduction/test/src/test/resources
2016-01-22 15:55:34,437 [Worker-880] INFO  o.e.m.c.i.embedder.EclipseLogger - Using 'UTF-8' encoding to copy filtered resources.
2016-01-22 15:55:34,437 [Worker-880] INFO  o.e.m.c.i.embedder.EclipseLogger - skip non existing resourceDirectory /Users/pktqa/Desktop/BrandProduction/test/src/main/resources
2016-01-22 15:55:34,438 [Worker-880] INFO  o.e.m.c.i.embedder.EclipseLogger - Using 'UTF-8' encoding to copy filtered resources.
2016-01-22 15:55:34,438 [Worker-880] INFO  o.e.m.c.i.embedder.EclipseLogger - skip non existing resourceDirectory /Users/pktqa/Desktop/BrandProduction/test/src/test/resources
2016-01-22 15:58:24,108 [Worker-879] INFO  o.e.m.c.i.embedder.EclipseLogger - Using 'UTF-8' encoding to copy filtered resources.
2016-01-22 15:58:24,109 [Worker-879] INFO  o.e.m.c.i.embedder.EclipseLogger - skip non existing resourceDirectory /Users/pktqa/Desktop/BrandProduction/test/src/main/resources
2016-01-22 15:58:24,110 [Worker-879] INFO  o.e.m.c.i.embedder.EclipseLogger - Using 'UTF-8' encoding to copy filtered resources.
2016-01-22 15:58:24,110 [Worker-879] INFO  o.e.m.c.i.embedder.EclipseLogger - skip non existing resourceDirectory /Users/pktqa/Desktop/BrandProduction/test/src/test/resources
2016-01-25 09:49:49,431 [Worker-2094] INFO  o.e.m.c.i.embedder.EclipseLogger - Using 'UTF-8' encoding to copy filtered resources.
2016-01-25 09:49:49,458 [Worker-2094] INFO  o.e.m.c.i.embedder.EclipseLogger - skip non existing resourceDirectory /Users/pktqa/Desktop/BrandProduction/test/src/main/resources
2016-01-25 09:49:49,459 [Worker-2094] INFO  o.e.m.c.i.embedder.EclipseLogger - Using 'UTF-8' encoding to copy filtered resources.
2016-01-25 09:49:49,459 [Worker-2094] INFO  o.e.m.c.i.embedder.EclipseLogger - skip non existing resourceDirectory /Users/pktqa/Desktop/BrandProduction/test/src/test/resources
2016-01-25 11:01:20,234 [Worker-7] INFO  o.e.m.c.i.embedder.EclipseLogger - Using 'UTF-8' encoding to copy filtered resources.
2016-01-25 11:01:20,253 [Worker-7] INFO  o.e.m.c.i.embedder.EclipseLogger - skip non existing resourceDirectory /Users/pktqa/Desktop/BrandProduction/test/src/main/resources
2016-01-25 11:01:20,255 [Worker-7] INFO  o.e.m.c.i.embedder.EclipseLogger - Using 'UTF-8' encoding to copy filtered resources.
2016-01-25 11:01:20,255 [Worker-7] INFO  o.e.m.c.i.embedder.EclipseLogger - skip non existing resourceDirectory /Users/pktqa/Desktop/BrandProduction/test/src/test/resources
2016-01-25 11:02:50,350 [Worker-13] INFO  o.e.m.i.launch.MavenLaunchDelegate - /Users/pktqa/Desktop/BrandProduction/test
2016-01-25 11:02:50,351 [Worker-13] INFO  o.e.m.i.launch.MavenLaunchDelegate -  mvn -DBrowser=browserIE10 -DBrowserUrl=http://www.daregreatly.com/explore/technology/wearables/sabine-seymour -DsuiteFile=CadilacDareGreatly.xml  -B test
2016-01-25 11:04:25,581 [Worker-23] INFO  o.e.m.i.launch.MavenLaunchDelegate - /Users/pktqa/Desktop/BrandProduction/test
2016-01-25 11:04:25,581 [Worker-23] INFO  o.e.m.i.launch.MavenLaunchDelegate -  mvn -DBrowser=browserIE10 -DBrowserUrl=http://www.daregreatly.com/explore/technology/wearables/sabine-seymour -DsuiteFile=CadilacDareGreatly.xml  -B test
2016-01-25 11:04:58,106 [Worker-23] INFO  o.e.m.i.launch.MavenLaunchDelegate - /Users/pktqa/Desktop/BrandProduction/test
2016-01-25 11:04:58,138 [Worker-23] INFO  o.e.m.i.launch.MavenLaunchDelegate -  mvn -DBrowser=browserIE10 -DBrowserUrl=http://www.daregreatly.com/explore/technology/wearables/sabine-seymour -DsuiteFile=CadilacDareGreatly.xml  -B test
2016-01-25 11:07:57,607 [Worker-25] INFO  o.e.m.i.launch.MavenLaunchDelegate - /Users/pktqa/Desktop/BrandProduction/test
2016-01-25 11:07:57,607 [Worker-25] INFO  o.e.m.i.launch.MavenLaunchDelegate -  mvn -DBrowser=browserIE10 -DBrandUrl=http://www.daregreatly.com/explore/technology/wearables/sabine-seymour -DsuiteFile=CadilacDareGreatly.xml  -B test
2016-01-25 11:09:22,761 [Worker-25] INFO  o.e.m.c.i.embedder.EclipseLogger - Using 'UTF-8' encoding to copy filtered resources.
2016-01-25 11:09:22,761 [Worker-25] INFO  o.e.m.c.i.embedder.EclipseLogger - skip non existing resourceDirectory /Users/pktqa/Desktop/BrandProduction/test/src/main/resources
2016-01-25 11:09:22,762 [Worker-25] INFO  o.e.m.c.i.embedder.EclipseLogger - Using 'UTF-8' encoding to copy filtered resources.
2016-01-25 11:09:22,762 [Worker-25] INFO  o.e.m.c.i.embedder.EclipseLogger - skip non existing resourceDirectory /Users/pktqa/Desktop/BrandProduction/test/src/test/resources
2016-01-25 16:52:51,451 [Worker-174] INFO  o.e.m.c.i.embedder.EclipseLogger - Using 'UTF-8' encoding to copy filtered resources.
2016-01-25 16:52:51,451 [Worker-174] INFO  o.e.m.c.i.embedder.EclipseLogger - skip non existing resourceDirectory /Users/pktqa/Desktop/BrandProduction/test/src/main/resources
2016-01-25 16:52:51,452 [Worker-174] INFO  o.e.m.c.i.embedder.EclipseLogger - Using 'UTF-8' encoding to copy filtered resources.
2016-01-25 16:52:51,452 [Worker-174] INFO  o.e.m.c.i.embedder.EclipseLogger - skip non existing resourceDirectory /Users/pktqa/Desktop/BrandProduction/test/src/test/resources
2016-01-25 16:52:59,275 [Worker-172] INFO  o.e.m.c.i.embedder.EclipseLogger - Using 'UTF-8' encoding to copy filtered resources.
2016-01-25 16:52:59,275 [Worker-172] INFO  o.e.m.c.i.embedder.EclipseLogger - skip non existing resourceDirectory /Users/pktqa/Desktop/BrandProduction/test/src/main/resources
2016-01-25 16:52:59,276 [Worker-172] INFO  o.e.m.c.i.embedder.EclipseLogger - Using 'UTF-8' encoding to copy filtered resources.
2016-01-25 16:52:59,276 [Worker-172] INFO  o.e.m.c.i.embedder.EclipseLogger - skip non existing resourceDirectory /Users/pktqa/Desktop/BrandProduction/test/src/test/resources
2016-01-25 16:55:36,213 [Worker-174] INFO  o.e.m.c.i.embedder.EclipseLogger - Using 'UTF-8' encoding to copy filtered resources.
2016-01-25 16:55:36,213 [Worker-174] INFO  o.e.m.c.i.embedder.EclipseLogger - skip non existing resourceDirectory /Users/pktqa/Desktop/BrandProduction/test/src/main/resources
2016-01-25 16:55:36,214 [Worker-174] INFO  o.e.m.c.i.embedder.EclipseLogger - Using 'UTF-8' encoding to copy filtered resources.
2016-01-25 16:55:36,214 [Worker-174] INFO  o.e.m.c.i.embedder.EclipseLogger - skip non existing resourceDirectory /Users/pktqa/Desktop/BrandProduction/test/src/test/resources
2016-01-25 16:58:14,437 [Worker-158] INFO  o.e.m.c.i.embedder.EclipseLogger - Using 'UTF-8' encoding to copy filtered resources.
2016-01-25 16:58:14,437 [Worker-158] INFO  o.e.m.c.i.embedder.EclipseLogger - skip non existing resourceDirectory /Users/pktqa/Desktop/BrandProduction/test/src/main/resources
2016-01-25 16:58:14,438 [Worker-158] INFO  o.e.m.c.i.embedder.EclipseLogger - Using 'UTF-8' encoding to copy filtered resources.
2016-01-25 16:58:14,438 [Worker-158] INFO  o.e.m.c.i.embedder.EclipseLogger - skip non existing resourceDirectory /Users/pktqa/Desktop/BrandProduction/test/src/test/resources
2016-01-25 16:59:44,071 [Worker-176] INFO  o.e.m.c.i.embedder.EclipseLogger - Using 'UTF-8' encoding to copy filtered resources.
2016-01-25 16:59:44,071 [Worker-176] INFO  o.e.m.c.i.embedder.EclipseLogger - skip non existing resourceDirectory /Users/pktqa/Desktop/BrandProduction/test/src/main/resources
2016-01-25 16:59:44,072 [Worker-176] INFO  o.e.m.c.i.embedder.EclipseLogger - Using 'UTF-8' encoding to copy filtered resources.
2016-01-25 16:59:44,072 [Worker-176] INFO  o.e.m.c.i.embedder.EclipseLogger - skip non existing resourceDirectory /Users/pktqa/Desktop/BrandProduction/test/src/test/resources
2016-01-25 16:59:50,733 [Worker-181] INFO  o.e.m.i.launch.MavenLaunchDelegate - /Users/pktqa/Desktop/BrandProduction/test
2016-01-25 16:59:50,733 [Worker-181] INFO  o.e.m.i.launch.MavenLaunchDelegate -  mvn -DBrowser=browserIE10 -DBrandUrl=http://www.daregreatly.com/explore/technology/wearables/sabine-seymour -DsuiteFile=CadilacDareGreatly.xml  -B test
2016-01-25 17:01:26,503 [Worker-176] INFO  o.e.m.c.i.embedder.EclipseLogger - Using 'UTF-8' encoding to copy filtered resources.
2016-01-25 17:01:26,503 [Worker-176] INFO  o.e.m.c.i.embedder.EclipseLogger - skip non existing resourceDirectory /Users/pktqa/Desktop/BrandProduction/test/src/main/resources
2016-01-25 17:01:26,504 [Worker-176] INFO  o.e.m.c.i.embedder.EclipseLogger - Using 'UTF-8' encoding to copy filtered resources.
2016-01-25 17:01:26,504 [Worker-176] INFO  o.e.m.c.i.embedder.EclipseLogger - skip non existing resourceDirectory /Users/pktqa/Desktop/BrandProduction/test/src/test/resources
2016-01-25 17:04:43,565 [Worker-182] INFO  o.e.m.c.i.embedder.EclipseLogger - Using 'UTF-8' encoding to copy filtered resources.
2016-01-25 17:04:43,565 [Worker-182] INFO  o.e.m.c.i.embedder.EclipseLogger - skip non existing resourceDirectory /Users/pktqa/Desktop/BrandProduction/test/src/main/resources
2016-01-25 17:04:43,566 [Worker-182] INFO  o.e.m.c.i.embedder.EclipseLogger - Using 'UTF-8' encoding to copy filtered resources.
2016-01-25 17:04:43,566 [Worker-182] INFO  o.e.m.c.i.embedder.EclipseLogger - skip non existing resourceDirectory /Users/pktqa/Desktop/BrandProduction/test/src/test/resources
2016-01-25 17:04:55,676 [Worker-182] INFO  o.e.m.c.i.embedder.EclipseLogger - Using 'UTF-8' encoding to copy filtered resources.
2016-01-25 17:04:55,676 [Worker-182] INFO  o.e.m.c.i.embedder.EclipseLogger - skip non existing resourceDirectory /Users/pktqa/Desktop/BrandProduction/test/src/main/resources
2016-01-25 17:04:55,678 [Worker-182] INFO  o.e.m.c.i.embedder.EclipseLogger - Using 'UTF-8' encoding to copy filtered resources.
2016-01-25 17:04:55,678 [Worker-182] INFO  o.e.m.c.i.embedder.EclipseLogger - skip non existing resourceDirectory /Users/pktqa/Desktop/BrandProduction/test/src/test/resources
2016-01-25 17:05:08,343 [Worker-188] INFO  o.e.m.i.launch.MavenLaunchDelegate - /Users/pktqa/Desktop/BrandProduction/test
2016-01-25 17:05:08,343 [Worker-188] INFO  o.e.m.i.launch.MavenLaunchDelegate -  mvn -DBrowser=browserIE10 -DBrandUrl=http://www.daregreatly.com/explore/technology/wearables/sabine-seymour -DsuiteFile=CadilacDareGreatly.xml  -B test
2016-01-25 17:42:22,954 [Worker-204] INFO  o.e.m.c.i.embedder.EclipseLogger - Using 'UTF-8' encoding to copy filtered resources.
2016-01-25 17:42:22,954 [Worker-204] INFO  o.e.m.c.i.embedder.EclipseLogger - skip non existing resourceDirectory /Users/pktqa/Desktop/BrandProduction/test/src/main/resources
2016-01-25 17:42:22,955 [Worker-204] INFO  o.e.m.c.i.embedder.EclipseLogger - Using 'UTF-8' encoding to copy filtered resources.
2016-01-25 17:42:22,955 [Worker-204] INFO  o.e.m.c.i.embedder.EclipseLogger - skip non existing resourceDirectory /Users/pktqa/Desktop/BrandProduction/test/src/test/resources
2016-01-25 17:42:37,798 [Worker-201] INFO  o.e.m.c.i.embedder.EclipseLogger - Using 'UTF-8' encoding to copy filtered resources.
2016-01-25 17:42:37,798 [Worker-201] INFO  o.e.m.c.i.embedder.EclipseLogger - skip non existing resourceDirectory /Users/pktqa/Desktop/BrandProduction/test/src/main/resources
2016-01-25 17:42:37,799 [Worker-201] INFO  o.e.m.c.i.embedder.EclipseLogger - Using 'UTF-8' encoding to copy filtered resources.
2016-01-25 17:42:37,799 [Worker-201] INFO  o.e.m.c.i.embedder.EclipseLogger - skip non existing resourceDirectory /Users/pktqa/Desktop/BrandProduction/test/src/test/resources
2016-01-25 17:42:42,008 [Worker-204] INFO  o.e.m.i.launch.MavenLaunchDelegate - /Users/pktqa/Desktop/BrandProduction/test
2016-01-25 17:42:42,008 [Worker-204] INFO  o.e.m.i.launch.MavenLaunchDelegate -  mvn -DBrowser=browserIE10 -DBrandUrl=http://www.daregreatly.com/explore/technology/wearables/sabine-seymour -DsuiteFile=CadilacDareGreatly.xml  -B test
2016-01-25 17:46:59,941 [Worker-207] INFO  o.e.m.c.i.embedder.EclipseLogger - Using 'UTF-8' encoding to copy filtered resources.
2016-01-25 17:46:59,941 [Worker-207] INFO  o.e.m.c.i.embedder.EclipseLogger - skip non existing resourceDirectory /Users/pktqa/Desktop/BrandProduction/test/src/main/resources
2016-01-25 17:46:59,942 [Worker-207] INFO  o.e.m.c.i.embedder.EclipseLogger - Using 'UTF-8' encoding to copy filtered resources.
2016-01-25 17:46:59,943 [Worker-207] INFO  o.e.m.c.i.embedder.EclipseLogger - skip non existing resourceDirectory /Users/pktqa/Desktop/BrandProduction/test/src/test/resources
2016-01-25 17:49:11,269 [Worker-207] INFO  o.e.m.c.i.embedder.EclipseLogger - Using 'UTF-8' encoding to copy filtered resources.
2016-01-25 17:49:11,269 [Worker-207] INFO  o.e.m.c.i.embedder.EclipseLogger - skip non existing resourceDirectory /Users/pktqa/Desktop/BrandProduction/test/src/main/resources
2016-01-25 17:49:11,270 [Worker-207] INFO  o.e.m.c.i.embedder.EclipseLogger - Using 'UTF-8' encoding to copy filtered resources.
2016-01-25 17:49:11,270 [Worker-207] INFO  o.e.m.c.i.embedder.EclipseLogger - skip non existing resourceDirectory /Users/pktqa/Desktop/BrandProduction/test/src/test/resources
2016-01-25 17:49:19,120 [Worker-211] INFO  o.e.m.c.i.embedder.EclipseLogger - Using 'UTF-8' encoding to copy filtered resources.
2016-01-25 17:49:19,120 [Worker-211] INFO  o.e.m.c.i.embedder.EclipseLogger - skip non existing resourceDirectory /Users/pktqa/Desktop/BrandProduction/test/src/main/resources
2016-01-25 17:49:19,121 [Worker-211] INFO  o.e.m.c.i.embedder.EclipseLogger - Using 'UTF-8' encoding to copy filtered resources.
2016-01-25 17:49:19,121 [Worker-211] INFO  o.e.m.c.i.embedder.EclipseLogger - skip non existing resourceDirectory /Users/pktqa/Desktop/BrandProduction/test/src/test/resources
2016-01-25 17:49:28,884 [Worker-211] INFO  o.e.m.c.i.embedder.EclipseLogger - Using 'UTF-8' encoding to copy filtered resources.
2016-01-25 17:49:28,885 [Worker-211] INFO  o.e.m.c.i.embedder.EclipseLogger - skip non existing resourceDirectory /Users/pktqa/Desktop/BrandProduction/test/src/main/resources
2016-01-25 17:49:28,886 [Worker-211] INFO  o.e.m.c.i.embedder.EclipseLogger - Using 'UTF-8' encoding to copy filtered resources.
2016-01-25 17:49:28,886 [Worker-211] INFO  o.e.m.c.i.embedder.EclipseLogger - skip non existing resourceDirectory /Users/pktqa/Desktop/BrandProduction/test/src/test/resources
2016-01-25 17:49:33,289 [Worker-209] INFO  o.e.m.i.launch.MavenLaunchDelegate - /Users/pktqa/Desktop/BrandProduction/test
2016-01-25 17:49:33,289 [Worker-209] INFO  o.e.m.i.launch.MavenLaunchDelegate -  mvn -DBrowser=browserIE10 -DBrandUrl=http://www.daregreatly.com/explore/technology/wearables/sabine-seymour -DsuiteFile=CadilacDareGreatly.xml  -B test
2016-01-25 18:49:25,298 [Worker-235] INFO  o.e.m.c.i.embedder.EclipseLogger - Using 'UTF-8' encoding to copy filtered resources.
2016-01-25 18:49:25,298 [Worker-235] INFO  o.e.m.c.i.embedder.EclipseLogger - skip non existing resourceDirectory /Users/pktqa/Desktop/BrandProduction/test/src/main/resources
2016-01-25 18:49:25,301 [Worker-235] INFO  o.e.m.c.i.embedder.EclipseLogger - Using 'UTF-8' encoding to copy filtered resources.
2016-01-25 18:49:25,301 [Worker-235] INFO  o.e.m.c.i.embedder.EclipseLogger - skip non existing resourceDirectory /Users/pktqa/Desktop/BrandProduction/test/src/test/resources
2016-01-25 18:49:29,364 [Worker-238] INFO  o.e.m.i.launch.MavenLaunchDelegate - /Users/pktqa/Desktop/BrandProduction/test
2016-01-25 18:49:29,364 [Worker-238] INFO  o.e.m.i.launch.MavenLaunchDelegate -  mvn -DBrowser=browserIE10 -DBrandUrl=http://www.daregreatly.com/explore/technology/wearables/sabine-seymour -DsuiteFile=CadilacDareGreatly.xml  -B test
2016-01-25 18:56:07,448 [Worker-240] INFO  o.e.m.c.i.embedder.EclipseLogger - Using 'UTF-8' encoding to copy filtered resources.
2016-01-25 18:56:07,449 [Worker-240] INFO  o.e.m.c.i.embedder.EclipseLogger - skip non existing resourceDirectory /Users/pktqa/Desktop/BrandProduction/test/src/main/resources
2016-01-25 18:56:07,449 [Worker-240] INFO  o.e.m.c.i.embedder.EclipseLogger - Using 'UTF-8' encoding to copy filtered resources.
2016-01-25 18:56:07,449 [Worker-240] INFO  o.e.m.c.i.embedder.EclipseLogger - skip non existing resourceDirectory /Users/pktqa/Desktop/BrandProduction/test/src/test/resources
2016-01-25 18:56:08,536 [Worker-243] INFO  o.e.m.c.i.embedder.EclipseLogger - Using 'UTF-8' encoding to copy filtered resources.
2016-01-25 18:56:08,536 [Worker-243] INFO  o.e.m.c.i.embedder.EclipseLogger - skip non existing resourceDirectory /Users/pktqa/Desktop/BrandProduction/test/src/main/resources
2016-01-25 18:56:08,537 [Worker-243] INFO  o.e.m.c.i.embedder.EclipseLogger - Using 'UTF-8' encoding to copy filtered resources.
2016-01-25 18:56:08,537 [Worker-243] INFO  o.e.m.c.i.embedder.EclipseLogger - skip non existing resourceDirectory /Users/pktqa/Desktop/BrandProduction/test/src/test/resources
2016-01-25 18:56:13,475 [Worker-235] INFO  o.e.m.c.i.embedder.EclipseLogger - Using 'UTF-8' encoding to copy filtered resources.
2016-01-25 18:56:13,476 [Worker-235] INFO  o.e.m.c.i.embedder.EclipseLogger - skip non existing resourceDirectory /Users/pktqa/Desktop/BrandProduction/test/src/main/resources
2016-01-25 18:56:13,476 [Worker-235] INFO  o.e.m.c.i.embedder.EclipseLogger - Using 'UTF-8' encoding to copy filtered resources.
2016-01-25 18:56:13,476 [Worker-235] INFO  o.e.m.c.i.embedder.EclipseLogger - skip non existing resourceDirectory /Users/pktqa/Desktop/BrandProduction/test/src/test/resources
2016-01-25 18:56:17,781 [Worker-236] INFO  o.e.m.i.launch.MavenLaunchDelegate - /Users/pktqa/Desktop/BrandProduction/test
2016-01-25 18:56:17,781 [Worker-236] INFO  o.e.m.i.launch.MavenLaunchDelegate -  mvn -DBrowser=browserIE10 -DBrandUrl=http://www.daregreatly.com/explore/technology/wearables/sabine-seymour -DsuiteFile=CadilacDareGreatly.xml  -B test
2016-01-25 18:57:55,945 [Worker-244] INFO  o.e.m.c.i.embedder.EclipseLogger - Using 'UTF-8' encoding to copy filtered resources.
2016-01-25 18:57:55,945 [Worker-244] INFO  o.e.m.c.i.embedder.EclipseLogger - skip non existing resourceDirectory /Users/pktqa/Desktop/BrandProduction/test/src/main/resources
2016-01-25 18:57:55,946 [Worker-244] INFO  o.e.m.c.i.embedder.EclipseLogger - Using 'UTF-8' encoding to copy filtered resources.
2016-01-25 18:57:55,946 [Worker-244] INFO  o.e.m.c.i.embedder.EclipseLogger - skip non existing resourceDirectory /Users/pktqa/Desktop/BrandProduction/test/src/test/resources
2016-01-25 18:59:34,929 [Worker-240] INFO  o.e.m.c.i.embedder.EclipseLogger - Using 'UTF-8' encoding to copy filtered resources.
2016-01-25 18:59:34,929 [Worker-240] INFO  o.e.m.c.i.embedder.EclipseLogger - skip non existing resourceDirectory /Users/pktqa/Desktop/BrandProduction/test/src/main/resources
2016-01-25 18:59:34,930 [Worker-240] INFO  o.e.m.c.i.embedder.EclipseLogger - Using 'UTF-8' encoding to copy filtered resources.
2016-01-25 18:59:34,930 [Worker-240] INFO  o.e.m.c.i.embedder.EclipseLogger - skip non existing resourceDirectory /Users/pktqa/Desktop/BrandProduction/test/src/test/resources
2016-01-25 19:00:38,074 [Worker-245] INFO  o.e.m.c.i.embedder.EclipseLogger - Using 'UTF-8' encoding to copy filtered resources.
2016-01-25 19:00:38,074 [Worker-245] INFO  o.e.m.c.i.embedder.EclipseLogger - skip non existing resourceDirectory /Users/pktqa/Desktop/BrandProduction/test/src/main/resources
2016-01-25 19:00:38,075 [Worker-245] INFO  o.e.m.c.i.embedder.EclipseLogger - Using 'UTF-8' encoding to copy filtered resources.
2016-01-25 19:00:38,075 [Worker-245] INFO  o.e.m.c.i.embedder.EclipseLogger - skip non existing resourceDirectory /Users/pktqa/Desktop/BrandProduction/test/src/test/resources
2016-01-25 19:00:46,936 [Worker-245] INFO  o.e.m.c.i.embedder.EclipseLogger - Using 'UTF-8' encoding to copy filtered resources.
2016-01-25 19:00:46,936 [Worker-245] INFO  o.e.m.c.i.embedder.EclipseLogger - skip non existing resourceDirectory /Users/pktqa/Desktop/BrandProduction/test/src/main/resources
2016-01-25 19:00:46,939 [Worker-245] INFO  o.e.m.c.i.embedder.EclipseLogger - Using 'UTF-8' encoding to copy filtered resources.
2016-01-25 19:00:46,940 [Worker-245] INFO  o.e.m.c.i.embedder.EclipseLogger - skip non existing resourceDirectory /Users/pktqa/Desktop/BrandProduction/test/src/test/resources
2016-01-25 19:00:55,411 [Worker-240] INFO  o.e.m.i.launch.MavenLaunchDelegate - /Users/pktqa/Desktop/BrandProduction/test
2016-01-25 19:00:55,411 [Worker-240] INFO  o.e.m.i.launch.MavenLaunchDelegate -  mvn -DBrowser=browserIE10 -DBrandUrl=http://www.daregreatly.com/explore/technology/wearables/sabine-seymour -DsuiteFile=CadilacDareGreatly.xml  -B test
2016-01-25 19:03:17,002 [Worker-240] INFO  o.e.m.c.i.embedder.EclipseLogger - Using 'UTF-8' encoding to copy filtered resources.
2016-01-25 19:03:17,002 [Worker-240] INFO  o.e.m.c.i.embedder.EclipseLogger - skip non existing resourceDirectory /Users/pktqa/Desktop/BrandProduction/test/src/main/resources
2016-01-25 19:03:17,003 [Worker-240] INFO  o.e.m.c.i.embedder.EclipseLogger - Using 'UTF-8' encoding to copy filtered resources.
2016-01-25 19:03:17,003 [Worker-240] INFO  o.e.m.c.i.embedder.EclipseLogger - skip non existing resourceDirectory /Users/pktqa/Desktop/BrandProduction/test/src/test/resources
2016-01-28 10:36:57,929 [Worker-1655] INFO  o.e.m.c.i.embedder.EclipseLogger - Using 'UTF-8' encoding to copy filtered resources.
2016-01-28 10:36:57,944 [Worker-1655] INFO  o.e.m.c.i.embedder.EclipseLogger - skip non existing resourceDirectory /Users/pktqa/Desktop/BrandProduction/test/src/main/resources
2016-01-28 10:36:57,946 [Worker-1655] INFO  o.e.m.c.i.embedder.EclipseLogger - Using 'UTF-8' encoding to copy filtered resources.
2016-01-28 10:36:57,946 [Worker-1655] INFO  o.e.m.c.i.embedder.EclipseLogger - skip non existing resourceDirectory /Users/pktqa/Desktop/BrandProduction/test/src/test/resources
2016-01-28 11:46:15,044 [Worker-1680] INFO  o.e.m.c.i.embedder.EclipseLogger - Using 'UTF-8' encoding to copy filtered resources.
2016-01-28 11:46:15,044 [Worker-1680] INFO  o.e.m.c.i.embedder.EclipseLogger - skip non existing resourceDirectory /Users/pktqa/Desktop/BrandProduction/test/src/main/resources
2016-01-28 11:46:15,044 [Worker-1680] INFO  o.e.m.c.i.embedder.EclipseLogger - Using 'UTF-8' encoding to copy filtered resources.
2016-01-28 11:46:15,044 [Worker-1680] INFO  o.e.m.c.i.embedder.EclipseLogger - skip non existing resourceDirectory /Users/pktqa/Desktop/BrandProduction/test/src/test/resources
2016-01-28 11:47:46,708 [Worker-1680] INFO  o.e.m.c.i.embedder.EclipseLogger - Using 'UTF-8' encoding to copy filtered resources.
2016-01-28 11:47:46,708 [Worker-1680] INFO  o.e.m.c.i.embedder.EclipseLogger - skip non existing resourceDirectory /Users/pktqa/Desktop/BrandProduction/test/src/main/resources
2016-01-28 11:47:46,709 [Worker-1680] INFO  o.e.m.c.i.embedder.EclipseLogger - Using 'UTF-8' encoding to copy filtered resources.
2016-01-28 11:47:46,709 [Worker-1680] INFO  o.e.m.c.i.embedder.EclipseLogger - skip non existing resourceDirectory /Users/pktqa/Desktop/BrandProduction/test/src/test/resources
2016-01-28 11:52:09,436 [Worker-1687] INFO  o.e.m.c.i.embedder.EclipseLogger - Using 'UTF-8' encoding to copy filtered resources.
2016-01-28 11:52:09,436 [Worker-1687] INFO  o.e.m.c.i.embedder.EclipseLogger - skip non existing resourceDirectory /Users/pktqa/Desktop/BrandProduction/test/src/main/resources
2016-01-28 11:52:09,437 [Worker-1687] INFO  o.e.m.c.i.embedder.EclipseLogger - Using 'UTF-8' encoding to copy filtered resources.
2016-01-28 11:52:09,437 [Worker-1687] INFO  o.e.m.c.i.embedder.EclipseLogger - skip non existing resourceDirectory /Users/pktqa/Desktop/BrandProduction/test/src/test/resources
2016-01-28 11:52:41,584 [Worker-1689] INFO  o.e.m.c.i.embedder.EclipseLogger - Using 'UTF-8' encoding to copy filtered resources.
2016-01-28 11:52:41,584 [Worker-1689] INFO  o.e.m.c.i.embedder.EclipseLogger - skip non existing resourceDirectory /Users/pktqa/Desktop/BrandProduction/test/src/main/resources
2016-01-28 11:52:41,584 [Worker-1689] INFO  o.e.m.c.i.embedder.EclipseLogger - Using 'UTF-8' encoding to copy filtered resources.
2016-01-28 11:52:41,585 [Worker-1689] INFO  o.e.m.c.i.embedder.EclipseLogger - skip non existing resourceDirectory /Users/pktqa/Desktop/BrandProduction/test/src/test/resources
2016-01-28 12:46:44,686 [Worker-1708] INFO  o.e.m.c.i.embedder.EclipseLogger - Using 'UTF-8' encoding to copy filtered resources.
2016-01-28 12:46:44,686 [Worker-1708] INFO  o.e.m.c.i.embedder.EclipseLogger - skip non existing resourceDirectory /Users/pktqa/Desktop/BrandProduction/test/src/main/resources
2016-01-28 12:46:44,687 [Worker-1708] INFO  o.e.m.c.i.embedder.EclipseLogger - Using 'UTF-8' encoding to copy filtered resources.
2016-01-28 12:46:44,687 [Worker-1708] INFO  o.e.m.c.i.embedder.EclipseLogger - skip non existing resourceDirectory /Users/pktqa/Desktop/BrandProduction/test/src/test/resources
2016-01-28 12:48:59,422 [Worker-1703] INFO  o.e.m.c.i.embedder.EclipseLogger - Using 'UTF-8' encoding to copy filtered resources.
2016-01-28 12:48:59,422 [Worker-1703] INFO  o.e.m.c.i.embedder.EclipseLogger - skip non existing resourceDirectory /Users/pktqa/Desktop/BrandProduction/test/src/main/resources
2016-01-28 12:48:59,423 [Worker-1703] INFO  o.e.m.c.i.embedder.EclipseLogger - Using 'UTF-8' encoding to copy filtered resources.
2016-01-28 12:48:59,423 [Worker-1703] INFO  o.e.m.c.i.embedder.EclipseLogger - skip non existing resourceDirectory /Users/pktqa/Desktop/BrandProduction/test/src/test/resources
2016-01-28 12:49:32,834 [Worker-1703] INFO  o.e.m.i.launch.MavenLaunchDelegate - /Users/pktqa/Desktop/BrandProduction/test
2016-01-28 12:49:32,834 [Worker-1703] INFO  o.e.m.i.launch.MavenLaunchDelegate -  mvn -DBrowser=browserIE10 -DBrandUrl=http://crest.com/en-us/products/crest-3d-white-brilliance-toothpaste -DsuiteFile=ProductDetails.xml  -B test
2016-01-28 12:49:32,932 [Worker-1715] INFO  o.e.m.c.i.embedder.EclipseLogger - Using 'UTF-8' encoding to copy filtered resources.
2016-01-28 12:49:32,932 [Worker-1715] INFO  o.e.m.c.i.embedder.EclipseLogger - skip non existing resourceDirectory /Users/pktqa/Desktop/BrandProduction/test/src/main/resources
2016-01-28 12:49:32,934 [Worker-1715] INFO  o.e.m.c.i.embedder.EclipseLogger - Using 'UTF-8' encoding to copy filtered resources.
2016-01-28 12:49:32,934 [Worker-1715] INFO  o.e.m.c.i.embedder.EclipseLogger - skip non existing resourceDirectory /Users/pktqa/Desktop/BrandProduction/test/src/test/resources
2016-01-28 13:03:19,523 [Worker-1703] INFO  o.e.m.c.i.embedder.EclipseLogger - Using 'UTF-8' encoding to copy filtered resources.
2016-01-28 13:03:19,523 [Worker-1703] INFO  o.e.m.c.i.embedder.EclipseLogger - skip non existing resourceDirectory /Users/pktqa/Desktop/BrandProduction/test/src/main/resources
2016-01-28 13:03:19,524 [Worker-1703] INFO  o.e.m.c.i.embedder.EclipseLogger - Using 'UTF-8' encoding to copy filtered resources.
2016-01-28 13:03:19,524 [Worker-1703] INFO  o.e.m.c.i.embedder.EclipseLogger - skip non existing resourceDirectory /Users/pktqa/Desktop/BrandProduction/test/src/test/resources
2016-01-28 13:03:24,502 [Worker-1719] INFO  o.e.m.i.launch.MavenLaunchDelegate - /Users/pktqa/Desktop/BrandProduction/test
2016-01-28 13:03:24,502 [Worker-1719] INFO  o.e.m.i.launch.MavenLaunchDelegate -  mvn -DBrowser=browserIE10 -DBrandUrl=http://crest.com/en-us/products/crest-3d-white-brilliance-toothpaste -DsuiteFile=ProductDetails.xml  -B test
2016-01-28 13:13:06,874 [Worker-1724] INFO  o.e.m.c.i.embedder.EclipseLogger - Using 'UTF-8' encoding to copy filtered resources.
2016-01-28 13:13:06,874 [Worker-1724] INFO  o.e.m.c.i.embedder.EclipseLogger - skip non existing resourceDirectory /Users/pktqa/Desktop/BrandProduction/test/src/main/resources
2016-01-28 13:13:06,875 [Worker-1724] INFO  o.e.m.c.i.embedder.EclipseLogger - Using 'UTF-8' encoding to copy filtered resources.
2016-01-28 13:13:06,875 [Worker-1724] INFO  o.e.m.c.i.embedder.EclipseLogger - skip non existing resourceDirectory /Users/pktqa/Desktop/BrandProduction/test/src/test/resources
2016-01-28 13:14:02,355 [Worker-1728] INFO  o.e.m.i.launch.MavenLaunchDelegate - /Users/pktqa/Desktop/BrandProduction/test
2016-01-28 13:14:02,355 [Worker-1728] INFO  o.e.m.i.launch.MavenLaunchDelegate -  mvn -DBrowser=browserIE10 -DBrandUrl=http://crest.com/en-us/products/crest-3d-white-brilliance-toothpaste -DsuiteFile=ProductDetails.xml  -B test
2016-01-28 13:15:10,011 [Worker-1731] INFO  o.e.m.c.i.embedder.EclipseLogger - Using 'UTF-8' encoding to copy filtered resources.
2016-01-28 13:15:10,024 [Worker-1731] INFO  o.e.m.c.i.embedder.EclipseLogger - skip non existing resourceDirectory /Users/pktqa/Desktop/BrandProduction/test/src/main/resources
2016-01-28 13:15:10,025 [Worker-1731] INFO  o.e.m.c.i.embedder.EclipseLogger - Using 'UTF-8' encoding to copy filtered resources.
2016-01-28 13:15:10,025 [Worker-1731] INFO  o.e.m.c.i.embedder.EclipseLogger - skip non existing resourceDirectory /Users/pktqa/Desktop/BrandProduction/test/src/test/resources
2016-01-28 13:21:38,392 [Worker-1729] INFO  o.e.m.c.i.embedder.EclipseLogger - Using 'UTF-8' encoding to copy filtered resources.
2016-01-28 13:21:38,402 [Worker-1729] INFO  o.e.m.c.i.embedder.EclipseLogger - skip non existing resourceDirectory /Users/pktqa/Desktop/BrandProduction/test/src/main/resources
2016-01-28 13:21:38,403 [Worker-1729] INFO  o.e.m.c.i.embedder.EclipseLogger - Using 'UTF-8' encoding to copy filtered resources.
2016-01-28 13:21:38,403 [Worker-1729] INFO  o.e.m.c.i.embedder.EclipseLogger - skip non existing resourceDirectory /Users/pktqa/Desktop/BrandProduction/test/src/test/resources
2016-01-28 13:28:38,384 [Worker-1733] INFO  o.e.m.c.i.embedder.EclipseLogger - Using 'UTF-8' encoding to copy filtered resources.
2016-01-28 13:28:38,394 [Worker-1733] INFO  o.e.m.c.i.embedder.EclipseLogger - skip non existing resourceDirectory /Users/pktqa/Desktop/BrandProduction/test/src/main/resources
2016-01-28 13:28:38,396 [Worker-1733] INFO  o.e.m.c.i.embedder.EclipseLogger - Using 'UTF-8' encoding to copy filtered resources.
2016-01-28 13:28:38,396 [Worker-1733] INFO  o.e.m.c.i.embedder.EclipseLogger - skip non existing resourceDirectory /Users/pktqa/Desktop/BrandProduction/test/src/test/resources
2016-01-28 13:28:41,966 [Worker-1733] INFO  o.e.m.i.launch.MavenLaunchDelegate - /Users/pktqa/Desktop/BrandProduction/test
2016-01-28 13:28:41,966 [Worker-1733] INFO  o.e.m.i.launch.MavenLaunchDelegate -  mvn -DBrowser=browserIE10 -DBrandUrl=http://crest.com/en-us/products/crest-3d-white-brilliance-toothpaste -DsuiteFile=ProductDetails.xml  -B test
2016-01-28 13:29:40,452 [Worker-1734] INFO  o.e.m.c.i.embedder.EclipseLogger - Using 'UTF-8' encoding to copy filtered resources.
2016-01-28 13:29:40,465 [Worker-1734] INFO  o.e.m.c.i.embedder.EclipseLogger - skip non existing resourceDirectory /Users/pktqa/Desktop/BrandProduction/test/src/main/resources
2016-01-28 13:29:40,466 [Worker-1734] INFO  o.e.m.c.i.embedder.EclipseLogger - Using 'UTF-8' encoding to copy filtered resources.
2016-01-28 13:29:40,466 [Worker-1734] INFO  o.e.m.c.i.embedder.EclipseLogger - skip non existing resourceDirectory /Users/pktqa/Desktop/BrandProduction/test/src/test/resources
2016-01-28 13:33:15,872 [Worker-1734] INFO  o.e.m.c.i.embedder.EclipseLogger - Using 'UTF-8' encoding to copy filtered resources.
2016-01-28 13:33:15,872 [Worker-1734] INFO  o.e.m.c.i.embedder.EclipseLogger - skip non existing resourceDirectory /Users/pktqa/Desktop/BrandProduction/test/src/main/resources
2016-01-28 13:33:15,873 [Worker-1734] INFO  o.e.m.c.i.embedder.EclipseLogger - Using 'UTF-8' encoding to copy filtered resources.
2016-01-28 13:33:15,873 [Worker-1734] INFO  o.e.m.c.i.embedder.EclipseLogger - skip non existing resourceDirectory /Users/pktqa/Desktop/BrandProduction/test/src/test/resources
2016-01-28 13:33:22,244 [Worker-1741] INFO  o.e.m.i.launch.MavenLaunchDelegate - /Users/pktqa/Desktop/BrandProduction/test
2016-01-28 13:33:22,244 [Worker-1741] INFO  o.e.m.i.launch.MavenLaunchDelegate -  mvn -DBrowser=browserIE10 -DBrandUrl=http://crest.com/en-us/products/crest-pro-health-advanced-toothpaste -DsuiteFile=ProductDetails.xml  -B test
2016-01-28 13:34:34,222 [Worker-1734] INFO  o.e.m.c.i.embedder.EclipseLogger - Using 'UTF-8' encoding to copy filtered resources.
2016-01-28 13:34:34,232 [Worker-1734] INFO  o.e.m.c.i.embedder.EclipseLogger - skip non existing resourceDirectory /Users/pktqa/Desktop/BrandProduction/test/src/main/resources
2016-01-28 13:34:34,233 [Worker-1734] INFO  o.e.m.c.i.embedder.EclipseLogger - Using 'UTF-8' encoding to copy filtered resources.
2016-01-28 13:34:34,233 [Worker-1734] INFO  o.e.m.c.i.embedder.EclipseLogger - skip non existing resourceDirectory /Users/pktqa/Desktop/BrandProduction/test/src/test/resources
2016-01-28 13:36:56,750 [Worker-1741] INFO  o.e.m.c.i.embedder.EclipseLogger - Using 'UTF-8' encoding to copy filtered resources.
2016-01-28 13:36:56,750 [Worker-1741] INFO  o.e.m.c.i.embedder.EclipseLogger - skip non existing resourceDirectory /Users/pktqa/Desktop/BrandProduction/test/src/main/resources
2016-01-28 13:36:56,751 [Worker-1741] INFO  o.e.m.c.i.embedder.EclipseLogger - Using 'UTF-8' encoding to copy filtered resources.
2016-01-28 13:36:56,751 [Worker-1741] INFO  o.e.m.c.i.embedder.EclipseLogger - skip non existing resourceDirectory /Users/pktqa/Desktop/BrandProduction/test/src/test/resources
2016-01-28 13:37:01,747 [Worker-1742] INFO  o.e.m.i.launch.MavenLaunchDelegate - /Users/pktqa/Desktop/BrandProduction/test
2016-01-28 13:37:01,748 [Worker-1742] INFO  o.e.m.i.launch.MavenLaunchDelegate -  mvn -DBrowser=browserIE10 -DBrandUrl=http://crest.com/en-us/products/crest-pro-health-advanced-toothpaste -DsuiteFile=ProductDetails.xml  -B test
2016-01-28 13:44:31,331 [Worker-1746] INFO  o.e.m.c.i.embedder.EclipseLogger - Using 'UTF-8' encoding to copy filtered resources.
2016-01-28 13:44:31,351 [Worker-1746] INFO  o.e.m.c.i.embedder.EclipseLogger - skip non existing resourceDirectory /Users/pktqa/Desktop/BrandProduction/test/src/main/resources
2016-01-28 13:44:31,353 [Worker-1746] INFO  o.e.m.c.i.embedder.EclipseLogger - Using 'UTF-8' encoding to copy filtered resources.
2016-01-28 13:44:31,353 [Worker-1746] INFO  o.e.m.c.i.embedder.EclipseLogger - skip non existing resourceDirectory /Users/pktqa/Desktop/BrandProduction/test/src/test/resources
2016-01-28 13:45:58,160 [Worker-1748] INFO  o.e.m.c.i.embedder.EclipseLogger - Using 'UTF-8' encoding to copy filtered resources.
2016-01-28 13:45:58,169 [Worker-1748] INFO  o.e.m.c.i.embedder.EclipseLogger - skip non existing resourceDirectory /Users/pktqa/Desktop/BrandProduction/test/src/main/resources
2016-01-28 13:45:58,170 [Worker-1748] INFO  o.e.m.c.i.embedder.EclipseLogger - Using 'UTF-8' encoding to copy filtered resources.
2016-01-28 13:45:58,170 [Worker-1748] INFO  o.e.m.c.i.embedder.EclipseLogger - skip non existing resourceDirectory /Users/pktqa/Desktop/BrandProduction/test/src/test/resources
2016-01-28 13:46:08,978 [Worker-1734] INFO  o.e.m.i.launch.MavenLaunchDelegate - /Users/pktqa/Desktop/BrandProduction/test
2016-01-28 13:46:08,978 [Worker-1734] INFO  o.e.m.i.launch.MavenLaunchDelegate -  mvn -DBrowser=browserIE10 -DBrandUrl=http://crest.com/en-us/products/crest-pro-health-advanced-toothpaste -DsuiteFile=ProductDetails.xml  -B test
2016-01-28 13:47:57,249 [Worker-1746] INFO  o.e.m.i.launch.MavenLaunchDelegate - /Users/pktqa/Desktop/BrandProduction/test
2016-01-28 13:47:57,259 [Worker-1746] INFO  o.e.m.i.launch.MavenLaunchDelegate -  mvn -DBrowser=browserIE10 -DBrandUrl=http://crest.com/en-us/products/crest-pro-health-advanced-toothpaste -DsuiteFile=ProductDetails.xml  -B test
2016-01-28 13:54:00,567 [Worker-1751] INFO  o.e.m.c.i.embedder.EclipseLogger - Using 'UTF-8' encoding to copy filtered resources.
2016-01-28 13:54:00,582 [Worker-1751] INFO  o.e.m.c.i.embedder.EclipseLogger - skip non existing resourceDirectory /Users/pktqa/Desktop/BrandProduction/test/src/main/resources
2016-01-28 13:54:00,584 [Worker-1751] INFO  o.e.m.c.i.embedder.EclipseLogger - Using 'UTF-8' encoding to copy filtered resources.
2016-01-28 13:54:00,584 [Worker-1751] INFO  o.e.m.c.i.embedder.EclipseLogger - skip non existing resourceDirectory /Users/pktqa/Desktop/BrandProduction/test/src/test/resources
2016-01-28 13:54:06,662 [Worker-1753] INFO  o.e.m.i.launch.MavenLaunchDelegate - /Users/pktqa/Desktop/BrandProduction/test
2016-01-28 13:54:06,662 [Worker-1753] INFO  o.e.m.i.launch.MavenLaunchDelegate -  mvn -DBrowser=browserIE10 -DBrandUrl=http://crest.com/en-us/products/crest-pro-health-advanced-toothpaste -DsuiteFile=ProductDetails.xml  -B test
2016-01-28 13:56:01,561 [Worker-1751] INFO  o.e.m.c.i.embedder.EclipseLogger - Using 'UTF-8' encoding to copy filtered resources.
2016-01-28 13:56:01,561 [Worker-1751] INFO  o.e.m.c.i.embedder.EclipseLogger - skip non existing resourceDirectory /Users/pktqa/Desktop/BrandProduction/test/src/main/resources
2016-01-28 13:56:01,562 [Worker-1751] INFO  o.e.m.c.i.embedder.EclipseLogger - Using 'UTF-8' encoding to copy filtered resources.
2016-01-28 13:56:01,562 [Worker-1751] INFO  o.e.m.c.i.embedder.EclipseLogger - skip non existing resourceDirectory /Users/pktqa/Desktop/BrandProduction/test/src/test/resources
2016-01-28 13:56:58,062 [Worker-1734] INFO  o.e.m.c.i.embedder.EclipseLogger - Using 'UTF-8' encoding to copy filtered resources.
2016-01-28 13:56:58,062 [Worker-1734] INFO  o.e.m.c.i.embedder.EclipseLogger - skip non existing resourceDirectory /Users/pktqa/Desktop/BrandProduction/test/src/main/resources
2016-01-28 13:56:58,063 [Worker-1734] INFO  o.e.m.c.i.embedder.EclipseLogger - Using 'UTF-8' encoding to copy filtered resources.
2016-01-28 13:56:58,063 [Worker-1734] INFO  o.e.m.c.i.embedder.EclipseLogger - skip non existing resourceDirectory /Users/pktqa/Desktop/BrandProduction/test/src/test/resources
2016-01-28 13:57:06,953 [Worker-1755] INFO  o.e.m.i.launch.MavenLaunchDelegate - /Users/pktqa/Desktop/BrandProduction/test
2016-01-28 13:57:06,953 [Worker-1755] INFO  o.e.m.i.launch.MavenLaunchDelegate -  mvn -DBrowser=browserIE10 -DBrandUrl=http://crest.com/en-us/products/crest-pro-health-advanced-toothpaste -DsuiteFile=ProductDetails.xml  -B test
2016-01-28 13:58:39,774 [Worker-1749] INFO  o.e.m.c.i.embedder.EclipseLogger - Using 'UTF-8' encoding to copy filtered resources.
2016-01-28 13:58:39,780 [Worker-1749] INFO  o.e.m.c.i.embedder.EclipseLogger - skip non existing resourceDirectory /Users/pktqa/Desktop/BrandProduction/test/src/main/resources
2016-01-28 13:58:39,781 [Worker-1749] INFO  o.e.m.c.i.embedder.EclipseLogger - Using 'UTF-8' encoding to copy filtered resources.
2016-01-28 13:58:39,781 [Worker-1749] INFO  o.e.m.c.i.embedder.EclipseLogger - skip non existing resourceDirectory /Users/pktqa/Desktop/BrandProduction/test/src/test/resources
2016-01-28 13:58:44,145 [Worker-1749] INFO  o.e.m.c.i.embedder.EclipseLogger - Using 'UTF-8' encoding to copy filtered resources.
2016-01-28 13:58:44,145 [Worker-1749] INFO  o.e.m.c.i.embedder.EclipseLogger - skip non existing resourceDirectory /Users/pktqa/Desktop/BrandProduction/test/src/main/resources
2016-01-28 13:58:44,145 [Worker-1749] INFO  o.e.m.c.i.embedder.EclipseLogger - Using 'UTF-8' encoding to copy filtered resources.
2016-01-28 13:58:44,146 [Worker-1749] INFO  o.e.m.c.i.embedder.EclipseLogger - skip non existing resourceDirectory /Users/pktqa/Desktop/BrandProduction/test/src/test/resources
2016-01-28 13:58:46,823 [Worker-1753] INFO  o.e.m.c.i.embedder.EclipseLogger - Using 'UTF-8' encoding to copy filtered resources.
2016-01-28 13:58:46,823 [Worker-1753] INFO  o.e.m.c.i.embedder.EclipseLogger - skip non existing resourceDirectory /Users/pktqa/Desktop/BrandProduction/test/src/main/resources
2016-01-28 13:58:46,824 [Worker-1753] INFO  o.e.m.c.i.embedder.EclipseLogger - Using 'UTF-8' encoding to copy filtered resources.
2016-01-28 13:58:46,824 [Worker-1753] INFO  o.e.m.c.i.embedder.EclipseLogger - skip non existing resourceDirectory /Users/pktqa/Desktop/BrandProduction/test/src/test/resources
2016-01-28 13:58:53,126 [Worker-1751] INFO  o.e.m.i.launch.MavenLaunchDelegate - /Users/pktqa/Desktop/BrandProduction/test
2016-01-28 13:58:53,126 [Worker-1751] INFO  o.e.m.i.launch.MavenLaunchDelegate -  mvn -DBrowser=browserIE10 -DBrandUrl=http://crest.com/en-us/products/crest-pro-health-advanced-toothpaste -DsuiteFile=ProductDetails.xml  -B test
2016-01-29 16:45:55,955 [Worker-2410] INFO  o.e.m.i.launch.MavenLaunchDelegate - /Users/pktqa/Desktop/BrandProduction/test
2016-01-29 16:45:55,990 [Worker-2410] INFO  o.e.m.i.launch.MavenLaunchDelegate -  mvn -DBrowser=browserIE10 -DBrandUrl=http://charmin.com/en-us/content/2/0/5/ultra-soft-mega-roll -DsuiteFile=ProductDetails.xml  -B test
2016-01-29 16:50:52,287 [Worker-2410] INFO  o.e.m.c.i.embedder.EclipseLogger - Using 'UTF-8' encoding to copy filtered resources.
2016-01-29 16:50:52,300 [Worker-2410] INFO  o.e.m.c.i.embedder.EclipseLogger - skip non existing resourceDirectory /Users/pktqa/Desktop/BrandProduction/test/src/main/resources
2016-01-29 16:50:52,301 [Worker-2410] INFO  o.e.m.c.i.embedder.EclipseLogger - Using 'UTF-8' encoding to copy filtered resources.
2016-01-29 16:50:52,301 [Worker-2410] INFO  o.e.m.c.i.embedder.EclipseLogger - skip non existing resourceDirectory /Users/pktqa/Desktop/BrandProduction/test/src/test/resources
2016-01-29 16:58:11,020 [Worker-2415] INFO  o.e.m.i.launch.MavenLaunchDelegate - /Users/pktqa/Desktop/BrandProduction/test
2016-01-29 16:58:11,030 [Worker-2415] INFO  o.e.m.i.launch.MavenLaunchDelegate -  mvn -DBrowser=browserIE10 -DBrandUrl=http://charmin.com/en-us/shop-products/toilet-paper/basic-toilet-paper -DsuiteFile=ProductDetails.xml  -B test
2016-01-29 16:58:20,053 [Worker-2408] INFO  o.e.m.c.i.embedder.EclipseLogger - Using 'UTF-8' encoding to copy filtered resources.
2016-01-29 16:58:20,065 [Worker-2408] INFO  o.e.m.c.i.embedder.EclipseLogger - skip non existing resourceDirectory /Users/pktqa/Desktop/BrandProduction/test/src/main/resources
2016-01-29 16:58:20,067 [Worker-2408] INFO  o.e.m.c.i.embedder.EclipseLogger - Using 'UTF-8' encoding to copy filtered resources.
2016-01-29 16:58:20,067 [Worker-2408] INFO  o.e.m.c.i.embedder.EclipseLogger - skip non existing resourceDirectory /Users/pktqa/Desktop/BrandProduction/test/src/test/resources
2016-02-01 09:15:28,176 [Worker-3938] INFO  o.e.m.c.i.embedder.EclipseLogger - Using 'UTF-8' encoding to copy filtered resources.
2016-02-01 09:15:28,176 [Worker-3938] INFO  o.e.m.c.i.embedder.EclipseLogger - skip non existing resourceDirectory /Users/pktqa/Desktop/BrandProduction/test/src/main/resources
2016-02-01 09:15:28,177 [Worker-3938] INFO  o.e.m.c.i.embedder.EclipseLogger - Using 'UTF-8' encoding to copy filtered resources.
2016-02-01 09:15:28,177 [Worker-3938] INFO  o.e.m.c.i.embedder.EclipseLogger - skip non existing resourceDirectory /Users/pktqa/Desktop/BrandProduction/test/src/test/resources
2016-02-01 09:21:09,241 [Worker-3952] INFO  o.e.m.c.i.embedder.EclipseLogger - Using 'UTF-8' encoding to copy filtered resources.
2016-02-01 09:21:09,241 [Worker-3952] INFO  o.e.m.c.i.embedder.EclipseLogger - skip non existing resourceDirectory /Users/pktqa/Desktop/BrandProduction/test/src/main/resources
2016-02-01 09:21:09,243 [Worker-3952] INFO  o.e.m.c.i.embedder.EclipseLogger - Using 'UTF-8' encoding to copy filtered resources.
2016-02-01 09:21:09,243 [Worker-3952] INFO  o.e.m.c.i.embedder.EclipseLogger - skip non existing resourceDirectory /Users/pktqa/Desktop/BrandProduction/test/src/test/resources
2016-02-01 09:21:48,467 [Worker-3953] INFO  o.e.m.c.i.embedder.EclipseLogger - Using 'UTF-8' encoding to copy filtered resources.
2016-02-01 09:21:48,468 [Worker-3953] INFO  o.e.m.c.i.embedder.EclipseLogger - skip non existing resourceDirectory /Users/pktqa/Desktop/BrandProduction/test/src/main/resources
2016-02-01 09:21:48,469 [Worker-3953] INFO  o.e.m.c.i.embedder.EclipseLogger - Using 'UTF-8' encoding to copy filtered resources.
2016-02-01 09:21:48,469 [Worker-3953] INFO  o.e.m.c.i.embedder.EclipseLogger - skip non existing resourceDirectory /Users/pktqa/Desktop/BrandProduction/test/src/test/resources
2016-02-01 09:21:59,970 [Worker-3953] INFO  o.e.m.c.i.embedder.EclipseLogger - Using 'UTF-8' encoding to copy filtered resources.
2016-02-01 09:21:59,971 [Worker-3953] INFO  o.e.m.c.i.embedder.EclipseLogger - skip non existing resourceDirectory /Users/pktqa/Desktop/BrandProduction/test/src/main/resources
2016-02-01 09:21:59,971 [Worker-3953] INFO  o.e.m.c.i.embedder.EclipseLogger - Using 'UTF-8' encoding to copy filtered resources.
2016-02-01 09:21:59,972 [Worker-3953] INFO  o.e.m.c.i.embedder.EclipseLogger - skip non existing resourceDirectory /Users/pktqa/Desktop/BrandProduction/test/src/test/resources
